{"logTime": "1222/202001", "correlationVector":"vst31uk5U7/1padCrP1Rxt","action":"Initial GetUpdates", "result":"", "context":Reason: NEWLY_SUPPORTED_DATATYPE. cV=vst31uk5U7/1padCrP1Rxt}
{"logTime": "1222/202001", "correlationVector":"vst31uk5U7/1padCrP1Rxt.1","action":"SyncServerConnectionManagerRequest", "result":"SYNC_SERVER_OK", "context":{"environment":"Prod_SoutheastAsia_000j", "migrationStage":"NotStarted", "server":"GENERAL0300000W"}}
{"logTime": "1222/202001", "correlationVector":"vst31uk5U7/1padCrP1Rxt.2","action":"GetUpdates", "result":"DeleteReceived", "context":{"id":"df00496d-3b98-48f8-b72e-f0f509c04e62", "isDeleted:":"true", "version":"1689941315498"}}
{"logTime": "1222/202001", "correlationVector":"vst31uk5U7/1padCrP1Rxt.3","action":"GetUpdates", "result":"DeleteReceived", "context":{"id":"b2542160-930d-477a-925e-f75e6786b4fb", "isDeleted:":"true", "version":"1689941315499"}}
{"logTime": "1222/202001", "correlationVector":"vst31uk5U7/1padCrP1Rxt.4","action":"GetUpdates", "result":"DeleteReceived", "context":{"id":"2236b0ea-52af-414b-8d42-fbf380c1f54e", "isDeleted:":"true", "version":"1689941315500"}}
{"logTime": "1222/202001", "correlationVector":"vst31uk5U7/1padCrP1Rxt.5","action":"GetUpdates", "result":"DeleteReceived", "context":{"id":"b591682a-d78c-4822-8943-4f14714db7b9", "isDeleted:":"true", "version":"1689941315501"}}
{"logTime": "1222/202001", "correlationVector":"vst31uk5U7/1padCrP1Rxt.6","action":"GetUpdates", "result":"DeleteReceived", "context":{"id":"2b122bdf-8839-4571-8881-0a2ac64a4265", "isDeleted:":"true", "version":"1689941315502"}}
{"logTime": "1222/202001", "correlationVector":"vst31uk5U7/1padCrP1Rxt.7","action":"GetUpdates", "result":"DeleteReceived", "context":{"id":"7f1aff65-9dea-4d4d-9f85-f89b19bc49ec", "isDeleted:":"true", "version":"1689941315503"}}
{"logTime": "1222/202001", "correlationVector":"vst31uk5U7/1padCrP1Rxt.8","action":"GetUpdates", "result":"DeleteReceived", "context":{"id":"3331fc99-be6f-4b6b-9f85-662fc3408bd9", "isDeleted:":"true", "version":"1689941315504"}}
{"logTime": "1222/202001", "correlationVector":"vst31uk5U7/1padCrP1Rxt.9","action":"GetUpdates", "result":"DeleteReceived", "context":{"id":"5808494a-6cf1-4044-89fa-81515949b7f8", "isDeleted:":"true", "version":"1689941315505"}}
{"logTime": "1222/202001", "correlationVector":"vst31uk5U7/1padCrP1Rxt.10","action":"GetUpdates", "result":"DeleteReceived", "context":{"id":"9e02c29d-cf1d-4383-8d70-e89f83408ae8", "isDeleted:":"true", "version":"1689941315506"}}
{"logTime": "1222/202001", "correlationVector":"vst31uk5U7/1padCrP1Rxt.11","action":"GetUpdates", "result":"DeleteReceived", "context":{"id":"7a909957-ab35-4452-bf1a-23fcffcc1e5d", "isDeleted:":"true", "version":"1689941315507"}}
{"logTime": "1222/202001", "correlationVector":"vst31uk5U7/1padCrP1Rxt.12","action":"GetUpdates", "result":"DeleteReceived", "context":{"id":"cbaef9e1-a198-4676-b486-7195e98a83c9", "isDeleted:":"true", "version":"1689941315508"}}
{"logTime": "1222/202001", "correlationVector":"vst31uk5U7/1padCrP1Rxt.13","action":"GetUpdates", "result":"DeleteReceived", "context":{"id":"9e3b078e-f3ca-4651-898d-258197efe4f0", "isDeleted:":"true", "version":"1689941315509"}}
{"logTime": "1222/202001", "correlationVector":"vst31uk5U7/1padCrP1Rxt.14","action":"GetUpdates", "result":"DeleteReceived", "context":{"id":"71ae96b4-1900-4f42-8954-8bd24855c842", "isDeleted:":"true", "version":"1689941315510"}}
{"logTime": "1222/202001", "correlationVector":"vst31uk5U7/1padCrP1Rxt.15","action":"GetUpdates", "result":"DeleteReceived", "context":{"id":"1aabdfcb-1d04-474d-9298-581602b3b655", "isDeleted:":"true", "version":"1689941315511"}}
{"logTime": "1222/202001", "correlationVector":"vst31uk5U7/1padCrP1Rxt.16","action":"GetUpdates", "result":"DeleteReceived", "context":{"id":"24a7cae7-8f79-41a6-9a25-f4e393bb3eab", "isDeleted:":"true", "version":"1689941315512"}}
{"logTime": "1222/202001", "correlationVector":"vst31uk5U7/1padCrP1Rxt.17","action":"GetUpdates", "result":"DeleteReceived", "context":{"id":"9f890766-eed3-4db9-9d66-186339c826e8", "isDeleted:":"true", "version":"1689941315513"}}
{"logTime": "1222/202001", "correlationVector":"vst31uk5U7/1padCrP1Rxt.18","action":"GetUpdates", "result":"DeleteReceived", "context":{"id":"e27810ee-be2b-4e5e-bd3e-f5e9d03a12c9", "isDeleted:":"true", "version":"1689941315514"}}
{"logTime": "1222/202001", "correlationVector":"vst31uk5U7/1padCrP1Rxt.19","action":"GetUpdates", "result":"DeleteReceived", "context":{"id":"4fdd9171-16e1-403d-84bd-cda51b41d90f", "isDeleted:":"true", "version":"1689941315515"}}
{"logTime": "1222/202001", "correlationVector":"vst31uk5U7/1padCrP1Rxt.20","action":"GetUpdates", "result":"DeleteReceived", "context":{"id":"e63ec1cd-6054-469b-8414-e59fcace64f7", "isDeleted:":"true", "version":"1689941315516"}}
{"logTime": "1222/202001", "correlationVector":"vst31uk5U7/1padCrP1Rxt.21","action":"GetUpdates", "result":"DeleteReceived", "context":{"id":"0c43f107-22b9-4abc-9711-414cea1eeb69", "isDeleted:":"true", "version":"1689941315517"}}
{"logTime": "1222/202001", "correlationVector":"vst31uk5U7/1padCrP1Rxt.22","action":"GetUpdates", "result":"DeleteReceived", "context":{"id":"f46e8f52-2623-4f98-bd3b-f68be77d0735", "isDeleted:":"true", "version":"1689941317227"}}
{"logTime": "1222/202001", "correlationVector":"vst31uk5U7/1padCrP1Rxt.23","action":"GetUpdates", "result":"DeleteReceived", "context":{"id":"0a8bc914-59b9-4b07-b948-c24a673d34c7", "isDeleted:":"true", "version":"1689941317228"}}
{"logTime": "1222/202001", "correlationVector":"vst31uk5U7/1padCrP1Rxt.24","action":"GetUpdates", "result":"DeleteReceived", "context":{"id":"35c39872-71d4-4747-a6f2-36667bfed42c", "isDeleted:":"true", "version":"1689941317229"}}
{"logTime": "1222/202001", "correlationVector":"vst31uk5U7/1padCrP1Rxt.25","action":"GetUpdates", "result":"DeleteReceived", "context":{"id":"1fe6736f-c9a6-4ba6-a335-8f0b05d07503", "isDeleted:":"true", "version":"1689941317230"}}
{"logTime": "1222/202001", "correlationVector":"vst31uk5U7/1padCrP1Rxt.26","action":"GetUpdates", "result":"DeleteReceived", "context":{"id":"6e3af693-6877-4ff1-aa10-2738bc62b8f8", "isDeleted:":"true", "version":"1689941317231"}}
{"logTime": "1222/202001", "correlationVector":"vst31uk5U7/1padCrP1Rxt.27","action":"GetUpdates", "result":"DeleteReceived", "context":{"id":"df015e6b-66cd-4aac-955a-a6ba414a2389", "isDeleted:":"true", "version":"1689941317232"}}
{"logTime": "1222/202001", "correlationVector":"vst31uk5U7/1padCrP1Rxt.28","action":"GetUpdates", "result":"DeleteReceived", "context":{"id":"b9bbe730-dd97-4c24-9e0f-e31bf82367e5", "isDeleted:":"true", "version":"1689941317233"}}
{"logTime": "1222/202001", "correlationVector":"vst31uk5U7/1padCrP1Rxt.29","action":"GetUpdates", "result":"DeleteReceived", "context":{"id":"a057dd16-e742-4da2-aa74-fcbc82383477", "isDeleted:":"true", "version":"1689941317234"}}
{"logTime": "1222/202001", "correlationVector":"vst31uk5U7/1padCrP1Rxt.30","action":"GetUpdates", "result":"DeleteReceived", "context":{"id":"35bf63ee-09f0-42de-9fda-7113eed65d31", "isDeleted:":"true", "version":"1689941317235"}}
{"logTime": "1222/202001", "correlationVector":"vst31uk5U7/1padCrP1Rxt.31","action":"GetUpdates", "result":"DeleteReceived", "context":{"id":"b3496a80-1c9e-4888-9602-e5f4e7a3b5e6", "isDeleted:":"true", "version":"1689941317236"}}
{"logTime": "1222/202001", "correlationVector":"vst31uk5U7/1padCrP1Rxt.32","action":"GetUpdates", "result":"DeleteReceived", "context":{"id":"103e686c-d9af-4c88-89cf-4dbcef58ae8b", "isDeleted:":"true", "version":"1689941317237"}}
{"logTime": "1222/202001", "correlationVector":"vst31uk5U7/1padCrP1Rxt.33","action":"GetUpdates", "result":"DeleteReceived", "context":{"id":"a6f2bb43-f65e-4b3d-a0ac-a1ee02e257fc", "isDeleted:":"true", "version":"1689941317238"}}
{"logTime": "1222/202001", "correlationVector":"vst31uk5U7/1padCrP1Rxt.34","action":"GetUpdates", "result":"DeleteReceived", "context":{"id":"2fe3cc8b-d004-4ea2-bbfd-addfc088754a", "isDeleted:":"true", "version":"1689941317239"}}
{"logTime": "1222/202001", "correlationVector":"vst31uk5U7/1padCrP1Rxt.35","action":"GetUpdates", "result":"DeleteReceived", "context":{"id":"8d65467f-2168-47b3-b9fa-f4a38477be0d", "isDeleted:":"true", "version":"1689941317240"}}
{"logTime": "1222/202001", "correlationVector":"vst31uk5U7/1padCrP1Rxt.36","action":"GetUpdates", "result":"DeleteReceived", "context":{"id":"f320d3c3-589b-4ace-92e5-d9c767c15063", "isDeleted:":"true", "version":"1689941317241"}}
{"logTime": "1222/202001", "correlationVector":"vst31uk5U7/1padCrP1Rxt.37","action":"GetUpdates", "result":"DeleteReceived", "context":{"id":"d6186030-141b-42fa-915e-5a22b6825b19", "isDeleted:":"true", "version":"1689941317242"}}
{"logTime": "1222/202001", "correlationVector":"vst31uk5U7/1padCrP1Rxt.38","action":"GetUpdates", "result":"DeleteReceived", "context":{"id":"e796c81e-9c4b-4b91-ac5d-1f04e798ffe5", "isDeleted:":"true", "version":"1689941317243"}}
{"logTime": "1222/202001", "correlationVector":"vst31uk5U7/1padCrP1Rxt.39","action":"GetUpdates", "result":"DeleteReceived", "context":{"id":"4069be10-a764-4e88-a5f7-e7918247357b", "isDeleted:":"true", "version":"1689941317244"}}
{"logTime": "1222/202001", "correlationVector":"vst31uk5U7/1padCrP1Rxt.40","action":"GetUpdates", "result":"DeleteReceived", "context":{"id":"8d9ceacd-b801-4213-9878-cfbcca33098f", "isDeleted:":"true", "version":"1689941317245"}}
{"logTime": "1222/202001", "correlationVector":"vst31uk5U7/1padCrP1Rxt.41","action":"GetUpdates", "result":"DeleteReceived", "context":{"id":"d9ee4c55-16cf-427d-8ac3-e2cee40bb441", "isDeleted:":"true", "version":"1689941317246"}}
{"logTime": "1222/202001", "correlationVector":"vst31uk5U7/1padCrP1Rxt.42","action":"GetUpdates", "result":"DeleteReceived", "context":{"id":"d76e8fea-0343-4481-b35a-25733cd8d7ee", "isDeleted:":"true", "version":"1689941318995"}}
{"logTime": "1222/202001", "correlationVector":"vst31uk5U7/1padCrP1Rxt.43","action":"GetUpdates", "result":"DeleteReceived", "context":{"id":"b0d68aca-63a0-4a37-b63f-2c202cdd33a6", "isDeleted:":"true", "version":"1689941318996"}}
{"logTime": "1222/202001", "correlationVector":"vst31uk5U7/1padCrP1Rxt.44","action":"GetUpdates", "result":"DeleteReceived", "context":{"id":"77d4ffb1-51da-4dbe-b700-63e1340eb926", "isDeleted:":"true", "version":"1689941318997"}}
{"logTime": "1222/202001", "correlationVector":"vst31uk5U7/1padCrP1Rxt.45","action":"GetUpdates", "result":"DeleteReceived", "context":{"id":"80a73b95-e069-4085-b081-3f161802b5ed", "isDeleted:":"true", "version":"1689941318998"}}
{"logTime": "1222/202001", "correlationVector":"vst31uk5U7/1padCrP1Rxt.46","action":"GetUpdates", "result":"DeleteReceived", "context":{"id":"580e5453-62e5-4694-b7be-c1585093b901", "isDeleted:":"true", "version":"1689941318999"}}
{"logTime": "1222/202001", "correlationVector":"vst31uk5U7/1padCrP1Rxt.47","action":"GetUpdates", "result":"DeleteReceived", "context":{"id":"cd745a9c-8774-4649-ae79-148fd3348a5e", "isDeleted:":"true", "version":"1689941319000"}}
{"logTime": "1222/202001", "correlationVector":"vst31uk5U7/1padCrP1Rxt.48","action":"GetUpdates", "result":"DeleteReceived", "context":{"id":"6549cfa8-9aed-42f0-9f8f-d0b88ae6c55a", "isDeleted:":"true", "version":"1689941319001"}}
{"logTime": "1222/202001", "correlationVector":"vst31uk5U7/1padCrP1Rxt.49","action":"GetUpdates", "result":"DeleteReceived", "context":{"id":"a6791c92-cba5-45cf-b099-175246c4eec2", "isDeleted:":"true", "version":"1689941319002"}}
{"logTime": "1222/202001", "correlationVector":"vst31uk5U7/1padCrP1Rxt.50","action":"GetUpdates", "result":"DeleteReceived", "context":{"id":"0e1c6637-c216-4d56-a6ea-af6d4caebc17", "isDeleted:":"true", "version":"1689941319003"}}
{"logTime": "1222/202001", "correlationVector":"vst31uk5U7/1padCrP1Rxt.51","action":"GetUpdates", "result":"DeleteReceived", "context":{"id":"f3d0493a-b400-46e3-93ed-a42c139236cc", "isDeleted:":"true", "version":"1689941319004"}}
{"logTime": "1222/202001", "correlationVector":"vst31uk5U7/1padCrP1Rxt.52","action":"GetUpdates", "result":"DeleteReceived", "context":{"id":"302f9a9a-12d6-4397-809f-47346a55dc20", "isDeleted:":"true", "version":"1689941319005"}}
{"logTime": "1222/202001", "correlationVector":"vst31uk5U7/1padCrP1Rxt.53","action":"GetUpdates", "result":"DeleteReceived", "context":{"id":"9879dd9c-127a-48fe-9009-0d4414c691fe", "isDeleted:":"true", "version":"1689941319006"}}
{"logTime": "1222/202001", "correlationVector":"vst31uk5U7/1padCrP1Rxt.54","action":"GetUpdates", "result":"DeleteReceived", "context":{"id":"860e2805-5522-411a-a5d6-f790432a2486", "isDeleted:":"true", "version":"1689941319007"}}
{"logTime": "1222/202001", "correlationVector":"vst31uk5U7/1padCrP1Rxt.55","action":"GetUpdates", "result":"DeleteReceived", "context":{"id":"cf30b55f-9850-4c25-8292-3241a6ed5fb2", "isDeleted:":"true", "version":"1689941319008"}}
{"logTime": "1222/202001", "correlationVector":"vst31uk5U7/1padCrP1Rxt.56","action":"GetUpdates", "result":"DeleteReceived", "context":{"id":"1b5c50b4-2618-49d5-a87d-ddfa0b27b4aa", "isDeleted:":"true", "version":"1689941319009"}}
{"logTime": "1222/202001", "correlationVector":"vst31uk5U7/1padCrP1Rxt.57","action":"GetUpdates", "result":"DeleteReceived", "context":{"id":"dc44cc88-8f70-4451-9d0e-3701fde04ea7", "isDeleted:":"true", "version":"1689941319010"}}
{"logTime": "1222/202001", "correlationVector":"vst31uk5U7/1padCrP1Rxt.58","action":"GetUpdates", "result":"DeleteReceived", "context":{"id":"1a51b72e-a95f-42db-9043-bae0f286dc3c", "isDeleted:":"true", "version":"1689941319011"}}
{"logTime": "1222/202001", "correlationVector":"vst31uk5U7/1padCrP1Rxt.59","action":"GetUpdates", "result":"DeleteReceived", "context":{"id":"684852c3-a54b-406f-9f71-b9c49c643ff6", "isDeleted:":"true", "version":"1689941319012"}}
{"logTime": "1222/202001", "correlationVector":"vst31uk5U7/1padCrP1Rxt.60","action":"GetUpdates", "result":"DeleteReceived", "context":{"id":"9e579b14-80fe-4c3d-bd0e-55124d16cc3b", "isDeleted:":"true", "version":"1689941319013"}}
{"logTime": "1222/202001", "correlationVector":"vst31uk5U7/1padCrP1Rxt.61","action":"GetUpdates", "result":"DeleteReceived", "context":{"id":"5ea39e98-c513-454c-a950-454fe7565076", "isDeleted:":"true", "version":"1689941319014"}}
{"logTime": "1222/202001", "correlationVector":"vst31uk5U7/1padCrP1Rxt.62","action":"GetUpdates", "result":"DeleteReceived", "context":{"id":"92f77f4b-cb9c-40b6-b112-b64c143629ab", "isDeleted:":"true", "version":"1689941321016"}}
{"logTime": "1222/202001", "correlationVector":"vst31uk5U7/1padCrP1Rxt.63","action":"GetUpdates", "result":"DeleteReceived", "context":{"id":"9b5b8c52-5e3b-4f54-8f85-27fdb2f63b9d", "isDeleted:":"true", "version":"1689941321017"}}
{"logTime": "1222/202001", "correlationVector":"vst31uk5U7/1padCrP1Rxt.64","action":"GetUpdates", "result":"DeleteReceived", "context":{"id":"391f4ae3-8ed6-4298-867a-e84cd42bcb99", "isDeleted:":"true", "version":"1689941321018"}}
{"logTime": "1222/202001", "correlationVector":"vst31uk5U7/1padCrP1Rxt.65","action":"GetUpdates", "result":"DeleteReceived", "context":{"id":"38fb7187-3c2b-44d8-8b08-4860d6f966da", "isDeleted:":"true", "version":"1689941321019"}}
{"logTime": "1222/202001", "correlationVector":"vst31uk5U7/1padCrP1Rxt.66","action":"GetUpdates", "result":"DeleteReceived", "context":{"id":"cc7f02e6-33f6-4834-af5b-e4b96821da9c", "isDeleted:":"true", "version":"1689941321020"}}
{"logTime": "1222/202001", "correlationVector":"vst31uk5U7/1padCrP1Rxt.67","action":"GetUpdates", "result":"DeleteReceived", "context":{"id":"700a8374-7277-401a-bf85-df792607f43d", "isDeleted:":"true", "version":"1689941321021"}}
{"logTime": "1222/202001", "correlationVector":"vst31uk5U7/1padCrP1Rxt.68","action":"GetUpdates", "result":"DeleteReceived", "context":{"id":"0b97e225-9317-4f9a-908b-9c8d60fe9197", "isDeleted:":"true", "version":"1689941321022"}}
{"logTime": "1222/202001", "correlationVector":"vst31uk5U7/1padCrP1Rxt.69","action":"GetUpdates", "result":"DeleteReceived", "context":{"id":"38265994-b8ff-4f73-8a84-f6c8ecc0540d", "isDeleted:":"true", "version":"1689941321023"}}
{"logTime": "1222/202001", "correlationVector":"vst31uk5U7/1padCrP1Rxt.70","action":"GetUpdates", "result":"DeleteReceived", "context":{"id":"4af0d7ca-ceab-465b-b41d-377588c28840", "isDeleted:":"true", "version":"1689941321024"}}
{"logTime": "1222/202001", "correlationVector":"vst31uk5U7/1padCrP1Rxt.71","action":"GetUpdates", "result":"DeleteReceived", "context":{"id":"5b8fc9fe-f19b-4645-894b-511abea12270", "isDeleted:":"true", "version":"1689941321025"}}
{"logTime": "1222/202001", "correlationVector":"vst31uk5U7/1padCrP1Rxt.72","action":"GetUpdates", "result":"DeleteReceived", "context":{"id":"be89739a-761e-4f95-ac4f-8fc836f44205", "isDeleted:":"true", "version":"1689941321026"}}
{"logTime": "1222/202001", "correlationVector":"vst31uk5U7/1padCrP1Rxt.73","action":"GetUpdates", "result":"DeleteReceived", "context":{"id":"d11e2a71-3a71-43a2-a50f-1dea09f46775", "isDeleted:":"true", "version":"1689941321027"}}
{"logTime": "1222/202001", "correlationVector":"vst31uk5U7/1padCrP1Rxt.74","action":"GetUpdates", "result":"DeleteReceived", "context":{"id":"5d31e9d1-c4df-4b62-bfc1-00662dbdd873", "isDeleted:":"true", "version":"1689941321028"}}
{"logTime": "1222/202001", "correlationVector":"vst31uk5U7/1padCrP1Rxt.75","action":"GetUpdates", "result":"DeleteReceived", "context":{"id":"27fb6274-9dda-4fa7-a1e5-d033dc48c37d", "isDeleted:":"true", "version":"1689941321029"}}
{"logTime": "1222/202001", "correlationVector":"vst31uk5U7/1padCrP1Rxt.76","action":"GetUpdates", "result":"DeleteReceived", "context":{"id":"c86a3846-91d4-4274-b8f8-b76c31385858", "isDeleted:":"true", "version":"1689941321030"}}
{"logTime": "1222/202001", "correlationVector":"vst31uk5U7/1padCrP1Rxt.77","action":"GetUpdates", "result":"DeleteReceived", "context":{"id":"8d27d0ac-836a-4092-a0f0-1dce03daa331", "isDeleted:":"true", "version":"1689941321031"}}
{"logTime": "1222/202001", "correlationVector":"vst31uk5U7/1padCrP1Rxt.78","action":"GetUpdates", "result":"DeleteReceived", "context":{"id":"e59a6238-b20b-4d58-a490-0155f3d105d9", "isDeleted:":"true", "version":"1689941321032"}}
{"logTime": "1222/202001", "correlationVector":"vst31uk5U7/1padCrP1Rxt.79","action":"GetUpdates", "result":"DeleteReceived", "context":{"id":"3c164070-fc2d-4afa-a0f3-bc3d0ee9b096", "isDeleted:":"true", "version":"1689941321033"}}
{"logTime": "1222/202001", "correlationVector":"vst31uk5U7/1padCrP1Rxt.80","action":"GetUpdates", "result":"DeleteReceived", "context":{"id":"570de8d4-719b-44b1-884f-20ae720a7a83", "isDeleted:":"true", "version":"1689941321034"}}
{"logTime": "1222/202001", "correlationVector":"vst31uk5U7/1padCrP1Rxt.81","action":"GetUpdates", "result":"DeleteReceived", "context":{"id":"02576ac9-bbe9-4765-a810-a054d953f113", "isDeleted:":"true", "version":"1689941321035"}}
{"logTime": "1222/202001", "correlationVector":"vst31uk5U7/1padCrP1Rxt.82","action":"GetUpdates", "result":"DeleteReceived", "context":{"id":"f0130e3c-bd33-4206-9bd8-aedd32e65b4f", "isDeleted:":"true", "version":"1689941322189"}}
{"logTime": "1222/202001", "correlationVector":"vst31uk5U7/1padCrP1Rxt.83","action":"GetUpdates", "result":"DeleteReceived", "context":{"id":"20c1d817-6ad6-47b1-b5ea-71f81bbd1405", "isDeleted:":"true", "version":"1689941322190"}}
{"logTime": "1222/202001", "correlationVector":"vst31uk5U7/1padCrP1Rxt.84","action":"GetUpdates", "result":"DeleteReceived", "context":{"id":"abc8fa0a-70db-4745-b92a-7dc889b35a12", "isDeleted:":"true", "version":"1689941322191"}}
{"logTime": "1222/202001", "correlationVector":"vst31uk5U7/1padCrP1Rxt.85","action":"GetUpdates", "result":"DeleteReceived", "context":{"id":"e83a360b-4797-4c3a-a9d9-0cfeef78ecf5", "isDeleted:":"true", "version":"1689941322192"}}
{"logTime": "1222/202001", "correlationVector":"vst31uk5U7/1padCrP1Rxt.86","action":"GetUpdates Response", "result":"SYNCER_OK", "context":Received 182 update(s). cV=vst31uk5U7/1padCrP1Rxt.0;server=GENERAL0300000W;cloudType=Consumer;environment=Prod_SoutheastAsia_000j;migrationStage=NotStarted}
{"logTime": "1222/202001", "correlationVector":"7LZ7+tPRTEAgukoyx2bRSr","action":"SyncServerConnectionManagerRequest", "result":"SYNC_SERVER_OK", "context":{"environment":"", "migrationStage":"", "server":""}}
{"logTime": "1222/202001", "correlationVector":"0rPAn6qoBi+LgO1AAtXx1E","action":"Normal GetUpdate request", "result":"", "context":cV=0rPAn6qoBi+LgO1AAtXx1E
Nudged types: Sessions
Refresh requested types: Bookmarks, Preferences, Passwords, Autofill Profiles, Autofill, Autofill Custom Data, Typed URLs, Extensions, Sessions, Extension settings, History Delete Directives, Device Info, User Consents, Send Tab To Self, Web Apps, Collection, Edge E Drop, Edge Hub App Usage, Edge Wallet, Encryption Keys}
{"logTime": "1222/202001", "correlationVector":"0rPAn6qoBi+LgO1AAtXx1E.1","action":"SyncServerConnectionManagerRequest", "result":"SYNC_SERVER_OK", "context":{"environment":"Prod_SoutheastAsia_000j", "migrationStage":"NotStarted", "server":"GENERAL0100000C"}}
{"logTime": "1222/202001", "correlationVector":"0rPAn6qoBi+LgO1AAtXx1E.2","action":"GetUpdates", "result":"DeleteReceived", "context":{"id":"724e0ffb-555e-4532-9f45-4891b1d6e213", "isDeleted:":"true", "version":"1703276021276"}}
{"logTime": "1222/202001", "correlationVector":"0rPAn6qoBi+LgO1AAtXx1E.3","action":"GetUpdates Response", "result":"SYNCER_OK", "context":Received 9 update(s). cV=0rPAn6qoBi+LgO1AAtXx1E.0;server=GENERAL0100000C;cloudType=Consumer;environment=Prod_SoutheastAsia_000j;migrationStage=NotStarted}
{"logTime": "1222/202001", "correlationVector":"EtkOiDFILDp2byUZl4698/","action":"Commit Request", "result":"", "context":Item count: 3
Contributing types: Sessions}
{"logTime": "1222/202001", "correlationVector":"EtkOiDFILDp2byUZl4698/.1","action":"SyncServerConnectionManagerRequest", "result":"SYNC_SERVER_OK", "context":{"environment":"Prod_SoutheastAsia_000j", "migrationStage":"NotStarted", "server":"GENERAL0100000O"}}
{"logTime": "1222/202001", "correlationVector":"EtkOiDFILDp2byUZl4698/.3","action":"Commit.Sessions", "result":"Success", "context":{"id":"50055b86-8f6f-42a1-be00-070bfb08e5fe", "isDeleted":"true", "size":"0", "version":"1703276021277"}}
{"logTime": "1222/202001", "correlationVector":"EtkOiDFILDp2byUZl4698/.2","action":"Commit Response", "result":"SYNCER_OK", "context":Result: SYNCER_OK. cV=EtkOiDFILDp2byUZl4698/.0;server=GENERAL0100000O;cloudType=Consumer;environment=Prod_SoutheastAsia_000j;migrationStage=NotStarted}
{"logTime": "1222/202001", "correlationVector":"ofajYX69hC2PRRITHXHEwv","action":"Normal GetUpdate request", "result":"", "context":cV=ofajYX69hC2PRRITHXHEwv
Nudged types: Sessions
Refresh requested types: Bookmarks, Preferences, Passwords, Autofill Profiles, Autofill, Autofill Custom Data, Typed URLs, Extensions, Sessions, Extension settings, History Delete Directives, Device Info, User Consents, Send Tab To Self, Web Apps, Collection, Edge E Drop, Edge Hub App Usage, Edge Wallet, Encryption Keys}
{"logTime": "1222/202001", "correlationVector":"ofajYX69hC2PRRITHXHEwv.1","action":"SyncServerConnectionManagerRequest", "result":"SYNC_SERVER_OK", "context":{"environment":"Prod_SoutheastAsia_000j", "migrationStage":"NotStarted", "server":"GENERAL01000001"}}
{"logTime": "1222/202001", "correlationVector":"ofajYX69hC2PRRITHXHEwv.2","action":"GetUpdates", "result":"DeleteReceived", "context":{"id":"50055b86-8f6f-42a1-be00-070bfb08e5fe", "isDeleted:":"true", "version":"1703276396802"}}
{"logTime": "1222/202001", "correlationVector":"ofajYX69hC2PRRITHXHEwv.3","action":"GetUpdates Response", "result":"SYNCER_OK", "context":Received 3 update(s). cV=ofajYX69hC2PRRITHXHEwv.0;server=GENERAL01000001;cloudType=Consumer;environment=Prod_SoutheastAsia_000j;migrationStage=NotStarted}
{"logTime": "1223/075644", "correlationVector":"wn+dbQjrPkZhdao+bUHye9.1","action":"SyncServerConnectionManagerRequest", "result":"SYNC_SERVER_OK", "context":{"environment":"Prod_SoutheastAsia_000j", "migrationStage":"NotStarted", "server":"GENERAL01000014"}}
{"logTime": "1223/075644", "correlationVector":"wn+dbQjrPkZhdao+bUHye9","action":"Initial GetUpdates", "result":"", "context":Reason: NEW_CLIENT. cV=wn+dbQjrPkZhdao+bUHye9}
{"logTime": "1223/075644", "correlationVector":"wn+dbQjrPkZhdao+bUHye9.2","action":"GetUpdates Response", "result":"SYNCER_OK", "context":Received 1 update(s). cV=wn+dbQjrPkZhdao+bUHye9.0;server=GENERAL01000014;cloudType=Consumer;environment=Prod_SoutheastAsia_000j;migrationStage=NotStarted}
{"logTime": "1223/075644", "correlationVector":"Mj6sA1h/FHYEINHdp1zJQ8","action":"SyncServerConnectionManagerRequest", "result":"SYNC_SERVER_OK", "context":{"environment":"", "migrationStage":"", "server":""}}
{"logTime": "1223/075644", "correlationVector":"Azwn8iV7JnmXKs+Wdrb7Iu","action":"Initial GetUpdates", "result":"", "context":Reason: NEWLY_SUPPORTED_DATATYPE. cV=Azwn8iV7JnmXKs+Wdrb7Iu}
{"logTime": "1223/075644", "correlationVector":"Azwn8iV7JnmXKs+Wdrb7Iu.1","action":"SyncServerConnectionManagerRequest", "result":"SYNC_SERVER_OK", "context":{"environment":"Prod_SoutheastAsia_000j", "migrationStage":"NotStarted", "server":"GENERAL01000014"}}
{"logTime": "1223/075644", "correlationVector":"Azwn8iV7JnmXKs+Wdrb7Iu.2","action":"GetUpdates", "result":"DeleteReceived", "context":{"id":"df00496d-3b98-48f8-b72e-f0f509c04e62", "isDeleted:":"true", "version":"1689941315498"}}
{"logTime": "1223/075644", "correlationVector":"Azwn8iV7JnmXKs+Wdrb7Iu.3","action":"GetUpdates", "result":"DeleteReceived", "context":{"id":"b2542160-930d-477a-925e-f75e6786b4fb", "isDeleted:":"true", "version":"1689941315499"}}
{"logTime": "1223/075644", "correlationVector":"Azwn8iV7JnmXKs+Wdrb7Iu.4","action":"GetUpdates", "result":"DeleteReceived", "context":{"id":"2236b0ea-52af-414b-8d42-fbf380c1f54e", "isDeleted:":"true", "version":"1689941315500"}}
{"logTime": "1223/075644", "correlationVector":"Azwn8iV7JnmXKs+Wdrb7Iu.5","action":"GetUpdates", "result":"DeleteReceived", "context":{"id":"b591682a-d78c-4822-8943-4f14714db7b9", "isDeleted:":"true", "version":"1689941315501"}}
{"logTime": "1223/075644", "correlationVector":"Azwn8iV7JnmXKs+Wdrb7Iu.6","action":"GetUpdates", "result":"DeleteReceived", "context":{"id":"2b122bdf-8839-4571-8881-0a2ac64a4265", "isDeleted:":"true", "version":"1689941315502"}}
{"logTime": "1223/075644", "correlationVector":"Azwn8iV7JnmXKs+Wdrb7Iu.7","action":"GetUpdates", "result":"DeleteReceived", "context":{"id":"7f1aff65-9dea-4d4d-9f85-f89b19bc49ec", "isDeleted:":"true", "version":"1689941315503"}}
{"logTime": "1223/075644", "correlationVector":"Azwn8iV7JnmXKs+Wdrb7Iu.8","action":"GetUpdates", "result":"DeleteReceived", "context":{"id":"3331fc99-be6f-4b6b-9f85-662fc3408bd9", "isDeleted:":"true", "version":"1689941315504"}}
{"logTime": "1223/075644", "correlationVector":"Azwn8iV7JnmXKs+Wdrb7Iu.9","action":"GetUpdates", "result":"DeleteReceived", "context":{"id":"5808494a-6cf1-4044-89fa-81515949b7f8", "isDeleted:":"true", "version":"1689941315505"}}
{"logTime": "1223/075644", "correlationVector":"Azwn8iV7JnmXKs+Wdrb7Iu.10","action":"GetUpdates", "result":"DeleteReceived", "context":{"id":"9e02c29d-cf1d-4383-8d70-e89f83408ae8", "isDeleted:":"true", "version":"1689941315506"}}
{"logTime": "1223/075644", "correlationVector":"Azwn8iV7JnmXKs+Wdrb7Iu.11","action":"GetUpdates", "result":"DeleteReceived", "context":{"id":"7a909957-ab35-4452-bf1a-23fcffcc1e5d", "isDeleted:":"true", "version":"1689941315507"}}
{"logTime": "1223/075644", "correlationVector":"Azwn8iV7JnmXKs+Wdrb7Iu.12","action":"GetUpdates", "result":"DeleteReceived", "context":{"id":"cbaef9e1-a198-4676-b486-7195e98a83c9", "isDeleted:":"true", "version":"1689941315508"}}
{"logTime": "1223/075644", "correlationVector":"Azwn8iV7JnmXKs+Wdrb7Iu.13","action":"GetUpdates", "result":"DeleteReceived", "context":{"id":"9e3b078e-f3ca-4651-898d-258197efe4f0", "isDeleted:":"true", "version":"1689941315509"}}
{"logTime": "1223/075644", "correlationVector":"Azwn8iV7JnmXKs+Wdrb7Iu.14","action":"GetUpdates", "result":"DeleteReceived", "context":{"id":"71ae96b4-1900-4f42-8954-8bd24855c842", "isDeleted:":"true", "version":"1689941315510"}}
{"logTime": "1223/075644", "correlationVector":"Azwn8iV7JnmXKs+Wdrb7Iu.15","action":"GetUpdates", "result":"DeleteReceived", "context":{"id":"1aabdfcb-1d04-474d-9298-581602b3b655", "isDeleted:":"true", "version":"1689941315511"}}
{"logTime": "1223/075644", "correlationVector":"Azwn8iV7JnmXKs+Wdrb7Iu.16","action":"GetUpdates", "result":"DeleteReceived", "context":{"id":"24a7cae7-8f79-41a6-9a25-f4e393bb3eab", "isDeleted:":"true", "version":"1689941315512"}}
{"logTime": "1223/075644", "correlationVector":"Azwn8iV7JnmXKs+Wdrb7Iu.17","action":"GetUpdates", "result":"DeleteReceived", "context":{"id":"9f890766-eed3-4db9-9d66-186339c826e8", "isDeleted:":"true", "version":"1689941315513"}}
{"logTime": "1223/075644", "correlationVector":"Azwn8iV7JnmXKs+Wdrb7Iu.18","action":"GetUpdates", "result":"DeleteReceived", "context":{"id":"e27810ee-be2b-4e5e-bd3e-f5e9d03a12c9", "isDeleted:":"true", "version":"1689941315514"}}
{"logTime": "1223/075644", "correlationVector":"Azwn8iV7JnmXKs+Wdrb7Iu.19","action":"GetUpdates", "result":"DeleteReceived", "context":{"id":"4fdd9171-16e1-403d-84bd-cda51b41d90f", "isDeleted:":"true", "version":"1689941315515"}}
{"logTime": "1223/075644", "correlationVector":"Azwn8iV7JnmXKs+Wdrb7Iu.20","action":"GetUpdates", "result":"DeleteReceived", "context":{"id":"e63ec1cd-6054-469b-8414-e59fcace64f7", "isDeleted:":"true", "version":"1689941315516"}}
{"logTime": "1223/075644", "correlationVector":"Azwn8iV7JnmXKs+Wdrb7Iu.21","action":"GetUpdates", "result":"DeleteReceived", "context":{"id":"0c43f107-22b9-4abc-9711-414cea1eeb69", "isDeleted:":"true", "version":"1689941315517"}}
{"logTime": "1223/075644", "correlationVector":"Azwn8iV7JnmXKs+Wdrb7Iu.22","action":"GetUpdates", "result":"DeleteReceived", "context":{"id":"f46e8f52-2623-4f98-bd3b-f68be77d0735", "isDeleted:":"true", "version":"1689941317227"}}
{"logTime": "1223/075644", "correlationVector":"Azwn8iV7JnmXKs+Wdrb7Iu.23","action":"GetUpdates", "result":"DeleteReceived", "context":{"id":"0a8bc914-59b9-4b07-b948-c24a673d34c7", "isDeleted:":"true", "version":"1689941317228"}}
{"logTime": "1223/075644", "correlationVector":"Azwn8iV7JnmXKs+Wdrb7Iu.24","action":"GetUpdates", "result":"DeleteReceived", "context":{"id":"35c39872-71d4-4747-a6f2-36667bfed42c", "isDeleted:":"true", "version":"1689941317229"}}
{"logTime": "1223/075644", "correlationVector":"Azwn8iV7JnmXKs+Wdrb7Iu.25","action":"GetUpdates", "result":"DeleteReceived", "context":{"id":"1fe6736f-c9a6-4ba6-a335-8f0b05d07503", "isDeleted:":"true", "version":"1689941317230"}}
{"logTime": "1223/075644", "correlationVector":"Azwn8iV7JnmXKs+Wdrb7Iu.26","action":"GetUpdates", "result":"DeleteReceived", "context":{"id":"6e3af693-6877-4ff1-aa10-2738bc62b8f8", "isDeleted:":"true", "version":"1689941317231"}}
{"logTime": "1223/075644", "correlationVector":"Azwn8iV7JnmXKs+Wdrb7Iu.27","action":"GetUpdates", "result":"DeleteReceived", "context":{"id":"df015e6b-66cd-4aac-955a-a6ba414a2389", "isDeleted:":"true", "version":"1689941317232"}}
{"logTime": "1223/075644", "correlationVector":"Azwn8iV7JnmXKs+Wdrb7Iu.28","action":"GetUpdates", "result":"DeleteReceived", "context":{"id":"b9bbe730-dd97-4c24-9e0f-e31bf82367e5", "isDeleted:":"true", "version":"1689941317233"}}
{"logTime": "1223/075644", "correlationVector":"Azwn8iV7JnmXKs+Wdrb7Iu.29","action":"GetUpdates", "result":"DeleteReceived", "context":{"id":"a057dd16-e742-4da2-aa74-fcbc82383477", "isDeleted:":"true", "version":"1689941317234"}}
{"logTime": "1223/075644", "correlationVector":"Azwn8iV7JnmXKs+Wdrb7Iu.30","action":"GetUpdates", "result":"DeleteReceived", "context":{"id":"35bf63ee-09f0-42de-9fda-7113eed65d31", "isDeleted:":"true", "version":"1689941317235"}}
{"logTime": "1223/075644", "correlationVector":"Azwn8iV7JnmXKs+Wdrb7Iu.31","action":"GetUpdates", "result":"DeleteReceived", "context":{"id":"b3496a80-1c9e-4888-9602-e5f4e7a3b5e6", "isDeleted:":"true", "version":"1689941317236"}}
{"logTime": "1223/075644", "correlationVector":"Azwn8iV7JnmXKs+Wdrb7Iu.32","action":"GetUpdates", "result":"DeleteReceived", "context":{"id":"103e686c-d9af-4c88-89cf-4dbcef58ae8b", "isDeleted:":"true", "version":"1689941317237"}}
{"logTime": "1223/075644", "correlationVector":"Azwn8iV7JnmXKs+Wdrb7Iu.33","action":"GetUpdates", "result":"DeleteReceived", "context":{"id":"a6f2bb43-f65e-4b3d-a0ac-a1ee02e257fc", "isDeleted:":"true", "version":"1689941317238"}}
{"logTime": "1223/075644", "correlationVector":"Azwn8iV7JnmXKs+Wdrb7Iu.34","action":"GetUpdates", "result":"DeleteReceived", "context":{"id":"2fe3cc8b-d004-4ea2-bbfd-addfc088754a", "isDeleted:":"true", "version":"1689941317239"}}
{"logTime": "1223/075644", "correlationVector":"Azwn8iV7JnmXKs+Wdrb7Iu.35","action":"GetUpdates", "result":"DeleteReceived", "context":{"id":"8d65467f-2168-47b3-b9fa-f4a38477be0d", "isDeleted:":"true", "version":"1689941317240"}}
{"logTime": "1223/075644", "correlationVector":"Azwn8iV7JnmXKs+Wdrb7Iu.36","action":"GetUpdates", "result":"DeleteReceived", "context":{"id":"f320d3c3-589b-4ace-92e5-d9c767c15063", "isDeleted:":"true", "version":"1689941317241"}}
{"logTime": "1223/075644", "correlationVector":"Azwn8iV7JnmXKs+Wdrb7Iu.37","action":"GetUpdates", "result":"DeleteReceived", "context":{"id":"d6186030-141b-42fa-915e-5a22b6825b19", "isDeleted:":"true", "version":"1689941317242"}}
{"logTime": "1223/075644", "correlationVector":"Azwn8iV7JnmXKs+Wdrb7Iu.38","action":"GetUpdates", "result":"DeleteReceived", "context":{"id":"e796c81e-9c4b-4b91-ac5d-1f04e798ffe5", "isDeleted:":"true", "version":"1689941317243"}}
{"logTime": "1223/075644", "correlationVector":"Azwn8iV7JnmXKs+Wdrb7Iu.39","action":"GetUpdates", "result":"DeleteReceived", "context":{"id":"4069be10-a764-4e88-a5f7-e7918247357b", "isDeleted:":"true", "version":"1689941317244"}}
{"logTime": "1223/075644", "correlationVector":"Azwn8iV7JnmXKs+Wdrb7Iu.40","action":"GetUpdates", "result":"DeleteReceived", "context":{"id":"8d9ceacd-b801-4213-9878-cfbcca33098f", "isDeleted:":"true", "version":"1689941317245"}}
{"logTime": "1223/075644", "correlationVector":"Azwn8iV7JnmXKs+Wdrb7Iu.41","action":"GetUpdates", "result":"DeleteReceived", "context":{"id":"d9ee4c55-16cf-427d-8ac3-e2cee40bb441", "isDeleted:":"true", "version":"1689941317246"}}
{"logTime": "1223/075644", "correlationVector":"Azwn8iV7JnmXKs+Wdrb7Iu.42","action":"GetUpdates", "result":"DeleteReceived", "context":{"id":"d76e8fea-0343-4481-b35a-25733cd8d7ee", "isDeleted:":"true", "version":"1689941318995"}}
{"logTime": "1223/075644", "correlationVector":"Azwn8iV7JnmXKs+Wdrb7Iu.43","action":"GetUpdates", "result":"DeleteReceived", "context":{"id":"b0d68aca-63a0-4a37-b63f-2c202cdd33a6", "isDeleted:":"true", "version":"1689941318996"}}
{"logTime": "1223/075644", "correlationVector":"Azwn8iV7JnmXKs+Wdrb7Iu.44","action":"GetUpdates", "result":"DeleteReceived", "context":{"id":"77d4ffb1-51da-4dbe-b700-63e1340eb926", "isDeleted:":"true", "version":"1689941318997"}}
{"logTime": "1223/075644", "correlationVector":"Azwn8iV7JnmXKs+Wdrb7Iu.45","action":"GetUpdates", "result":"DeleteReceived", "context":{"id":"80a73b95-e069-4085-b081-3f161802b5ed", "isDeleted:":"true", "version":"1689941318998"}}
{"logTime": "1223/075644", "correlationVector":"Azwn8iV7JnmXKs+Wdrb7Iu.46","action":"GetUpdates", "result":"DeleteReceived", "context":{"id":"580e5453-62e5-4694-b7be-c1585093b901", "isDeleted:":"true", "version":"1689941318999"}}
{"logTime": "1223/075644", "correlationVector":"Azwn8iV7JnmXKs+Wdrb7Iu.47","action":"GetUpdates", "result":"DeleteReceived", "context":{"id":"cd745a9c-8774-4649-ae79-148fd3348a5e", "isDeleted:":"true", "version":"1689941319000"}}
{"logTime": "1223/075644", "correlationVector":"Azwn8iV7JnmXKs+Wdrb7Iu.48","action":"GetUpdates", "result":"DeleteReceived", "context":{"id":"6549cfa8-9aed-42f0-9f8f-d0b88ae6c55a", "isDeleted:":"true", "version":"1689941319001"}}
{"logTime": "1223/075644", "correlationVector":"Azwn8iV7JnmXKs+Wdrb7Iu.49","action":"GetUpdates", "result":"DeleteReceived", "context":{"id":"a6791c92-cba5-45cf-b099-175246c4eec2", "isDeleted:":"true", "version":"1689941319002"}}
{"logTime": "1223/075644", "correlationVector":"Azwn8iV7JnmXKs+Wdrb7Iu.50","action":"GetUpdates", "result":"DeleteReceived", "context":{"id":"0e1c6637-c216-4d56-a6ea-af6d4caebc17", "isDeleted:":"true", "version":"1689941319003"}}
{"logTime": "1223/075644", "correlationVector":"Azwn8iV7JnmXKs+Wdrb7Iu.51","action":"GetUpdates", "result":"DeleteReceived", "context":{"id":"f3d0493a-b400-46e3-93ed-a42c139236cc", "isDeleted:":"true", "version":"1689941319004"}}
{"logTime": "1223/075644", "correlationVector":"Azwn8iV7JnmXKs+Wdrb7Iu.52","action":"GetUpdates", "result":"DeleteReceived", "context":{"id":"302f9a9a-12d6-4397-809f-47346a55dc20", "isDeleted:":"true", "version":"1689941319005"}}
{"logTime": "1223/075644", "correlationVector":"Azwn8iV7JnmXKs+Wdrb7Iu.53","action":"GetUpdates", "result":"DeleteReceived", "context":{"id":"9879dd9c-127a-48fe-9009-0d4414c691fe", "isDeleted:":"true", "version":"1689941319006"}}
{"logTime": "1223/075644", "correlationVector":"Azwn8iV7JnmXKs+Wdrb7Iu.54","action":"GetUpdates", "result":"DeleteReceived", "context":{"id":"860e2805-5522-411a-a5d6-f790432a2486", "isDeleted:":"true", "version":"1689941319007"}}
{"logTime": "1223/075644", "correlationVector":"Azwn8iV7JnmXKs+Wdrb7Iu.55","action":"GetUpdates", "result":"DeleteReceived", "context":{"id":"cf30b55f-9850-4c25-8292-3241a6ed5fb2", "isDeleted:":"true", "version":"1689941319008"}}
{"logTime": "1223/075644", "correlationVector":"Azwn8iV7JnmXKs+Wdrb7Iu.56","action":"GetUpdates", "result":"DeleteReceived", "context":{"id":"1b5c50b4-2618-49d5-a87d-ddfa0b27b4aa", "isDeleted:":"true", "version":"1689941319009"}}
{"logTime": "1223/075644", "correlationVector":"Azwn8iV7JnmXKs+Wdrb7Iu.57","action":"GetUpdates", "result":"DeleteReceived", "context":{"id":"dc44cc88-8f70-4451-9d0e-3701fde04ea7", "isDeleted:":"true", "version":"1689941319010"}}
{"logTime": "1223/075644", "correlationVector":"Azwn8iV7JnmXKs+Wdrb7Iu.58","action":"GetUpdates", "result":"DeleteReceived", "context":{"id":"1a51b72e-a95f-42db-9043-bae0f286dc3c", "isDeleted:":"true", "version":"1689941319011"}}
{"logTime": "1223/075644", "correlationVector":"Azwn8iV7JnmXKs+Wdrb7Iu.59","action":"GetUpdates", "result":"DeleteReceived", "context":{"id":"684852c3-a54b-406f-9f71-b9c49c643ff6", "isDeleted:":"true", "version":"1689941319012"}}
{"logTime": "1223/075644", "correlationVector":"Azwn8iV7JnmXKs+Wdrb7Iu.60","action":"GetUpdates", "result":"DeleteReceived", "context":{"id":"9e579b14-80fe-4c3d-bd0e-55124d16cc3b", "isDeleted:":"true", "version":"1689941319013"}}
{"logTime": "1223/075644", "correlationVector":"Azwn8iV7JnmXKs+Wdrb7Iu.61","action":"GetUpdates", "result":"DeleteReceived", "context":{"id":"5ea39e98-c513-454c-a950-454fe7565076", "isDeleted:":"true", "version":"1689941319014"}}
{"logTime": "1223/075644", "correlationVector":"Azwn8iV7JnmXKs+Wdrb7Iu.62","action":"GetUpdates", "result":"DeleteReceived", "context":{"id":"92f77f4b-cb9c-40b6-b112-b64c143629ab", "isDeleted:":"true", "version":"1689941321016"}}
{"logTime": "1223/075644", "correlationVector":"Azwn8iV7JnmXKs+Wdrb7Iu.63","action":"GetUpdates", "result":"DeleteReceived", "context":{"id":"9b5b8c52-5e3b-4f54-8f85-27fdb2f63b9d", "isDeleted:":"true", "version":"1689941321017"}}
{"logTime": "1223/075644", "correlationVector":"Azwn8iV7JnmXKs+Wdrb7Iu.64","action":"GetUpdates", "result":"DeleteReceived", "context":{"id":"391f4ae3-8ed6-4298-867a-e84cd42bcb99", "isDeleted:":"true", "version":"1689941321018"}}
{"logTime": "1223/075644", "correlationVector":"Azwn8iV7JnmXKs+Wdrb7Iu.65","action":"GetUpdates", "result":"DeleteReceived", "context":{"id":"38fb7187-3c2b-44d8-8b08-4860d6f966da", "isDeleted:":"true", "version":"1689941321019"}}
{"logTime": "1223/075644", "correlationVector":"Azwn8iV7JnmXKs+Wdrb7Iu.66","action":"GetUpdates", "result":"DeleteReceived", "context":{"id":"cc7f02e6-33f6-4834-af5b-e4b96821da9c", "isDeleted:":"true", "version":"1689941321020"}}
{"logTime": "1223/075644", "correlationVector":"Azwn8iV7JnmXKs+Wdrb7Iu.67","action":"GetUpdates", "result":"DeleteReceived", "context":{"id":"700a8374-7277-401a-bf85-df792607f43d", "isDeleted:":"true", "version":"1689941321021"}}
{"logTime": "1223/075644", "correlationVector":"Azwn8iV7JnmXKs+Wdrb7Iu.68","action":"GetUpdates", "result":"DeleteReceived", "context":{"id":"0b97e225-9317-4f9a-908b-9c8d60fe9197", "isDeleted:":"true", "version":"1689941321022"}}
{"logTime": "1223/075644", "correlationVector":"Azwn8iV7JnmXKs+Wdrb7Iu.69","action":"GetUpdates", "result":"DeleteReceived", "context":{"id":"38265994-b8ff-4f73-8a84-f6c8ecc0540d", "isDeleted:":"true", "version":"1689941321023"}}
{"logTime": "1223/075644", "correlationVector":"Azwn8iV7JnmXKs+Wdrb7Iu.70","action":"GetUpdates", "result":"DeleteReceived", "context":{"id":"4af0d7ca-ceab-465b-b41d-377588c28840", "isDeleted:":"true", "version":"1689941321024"}}
{"logTime": "1223/075644", "correlationVector":"Azwn8iV7JnmXKs+Wdrb7Iu.71","action":"GetUpdates", "result":"DeleteReceived", "context":{"id":"5b8fc9fe-f19b-4645-894b-511abea12270", "isDeleted:":"true", "version":"1689941321025"}}
{"logTime": "1223/075644", "correlationVector":"Azwn8iV7JnmXKs+Wdrb7Iu.72","action":"GetUpdates", "result":"DeleteReceived", "context":{"id":"be89739a-761e-4f95-ac4f-8fc836f44205", "isDeleted:":"true", "version":"1689941321026"}}
{"logTime": "1223/075644", "correlationVector":"Azwn8iV7JnmXKs+Wdrb7Iu.73","action":"GetUpdates", "result":"DeleteReceived", "context":{"id":"d11e2a71-3a71-43a2-a50f-1dea09f46775", "isDeleted:":"true", "version":"1689941321027"}}
{"logTime": "1223/075644", "correlationVector":"Azwn8iV7JnmXKs+Wdrb7Iu.74","action":"GetUpdates", "result":"DeleteReceived", "context":{"id":"5d31e9d1-c4df-4b62-bfc1-00662dbdd873", "isDeleted:":"true", "version":"1689941321028"}}
{"logTime": "1223/075644", "correlationVector":"Azwn8iV7JnmXKs+Wdrb7Iu.75","action":"GetUpdates", "result":"DeleteReceived", "context":{"id":"27fb6274-9dda-4fa7-a1e5-d033dc48c37d", "isDeleted:":"true", "version":"1689941321029"}}
{"logTime": "1223/075644", "correlationVector":"Azwn8iV7JnmXKs+Wdrb7Iu.76","action":"GetUpdates", "result":"DeleteReceived", "context":{"id":"c86a3846-91d4-4274-b8f8-b76c31385858", "isDeleted:":"true", "version":"1689941321030"}}
{"logTime": "1223/075644", "correlationVector":"Azwn8iV7JnmXKs+Wdrb7Iu.77","action":"GetUpdates", "result":"DeleteReceived", "context":{"id":"8d27d0ac-836a-4092-a0f0-1dce03daa331", "isDeleted:":"true", "version":"1689941321031"}}
{"logTime": "1223/075644", "correlationVector":"Azwn8iV7JnmXKs+Wdrb7Iu.78","action":"GetUpdates", "result":"DeleteReceived", "context":{"id":"e59a6238-b20b-4d58-a490-0155f3d105d9", "isDeleted:":"true", "version":"1689941321032"}}
{"logTime": "1223/075644", "correlationVector":"Azwn8iV7JnmXKs+Wdrb7Iu.79","action":"GetUpdates", "result":"DeleteReceived", "context":{"id":"3c164070-fc2d-4afa-a0f3-bc3d0ee9b096", "isDeleted:":"true", "version":"1689941321033"}}
{"logTime": "1223/075644", "correlationVector":"Azwn8iV7JnmXKs+Wdrb7Iu.80","action":"GetUpdates", "result":"DeleteReceived", "context":{"id":"570de8d4-719b-44b1-884f-20ae720a7a83", "isDeleted:":"true", "version":"1689941321034"}}
{"logTime": "1223/075644", "correlationVector":"Azwn8iV7JnmXKs+Wdrb7Iu.81","action":"GetUpdates", "result":"DeleteReceived", "context":{"id":"02576ac9-bbe9-4765-a810-a054d953f113", "isDeleted:":"true", "version":"1689941321035"}}
{"logTime": "1223/075644", "correlationVector":"Azwn8iV7JnmXKs+Wdrb7Iu.82","action":"GetUpdates", "result":"DeleteReceived", "context":{"id":"f0130e3c-bd33-4206-9bd8-aedd32e65b4f", "isDeleted:":"true", "version":"1689941322189"}}
{"logTime": "1223/075644", "correlationVector":"Azwn8iV7JnmXKs+Wdrb7Iu.83","action":"GetUpdates", "result":"DeleteReceived", "context":{"id":"20c1d817-6ad6-47b1-b5ea-71f81bbd1405", "isDeleted:":"true", "version":"1689941322190"}}
{"logTime": "1223/075644", "correlationVector":"Azwn8iV7JnmXKs+Wdrb7Iu.84","action":"GetUpdates", "result":"DeleteReceived", "context":{"id":"abc8fa0a-70db-4745-b92a-7dc889b35a12", "isDeleted:":"true", "version":"1689941322191"}}
{"logTime": "1223/075644", "correlationVector":"Azwn8iV7JnmXKs+Wdrb7Iu.85","action":"GetUpdates", "result":"DeleteReceived", "context":{"id":"e83a360b-4797-4c3a-a9d9-0cfeef78ecf5", "isDeleted:":"true", "version":"1689941322192"}}
{"logTime": "1223/075644", "correlationVector":"Azwn8iV7JnmXKs+Wdrb7Iu.86","action":"GetUpdates Response", "result":"SYNCER_OK", "context":Received 182 update(s). cV=Azwn8iV7JnmXKs+Wdrb7Iu.0;server=GENERAL01000014;cloudType=Consumer;environment=Prod_SoutheastAsia_000j;migrationStage=NotStarted}
{"logTime": "1223/075644", "correlationVector":"yM9FIPJW/LxtTBHaHNV8TN","action":"Normal GetUpdate request", "result":"", "context":cV=yM9FIPJW/LxtTBHaHNV8TN
Nudged types: Sessions
Refresh requested types: Bookmarks, Preferences, Passwords, Autofill Profiles, Autofill, Autofill Custom Data, Typed URLs, Extensions, Sessions, Extension settings, History Delete Directives, Device Info, User Consents, Send Tab To Self, Web Apps, Collection, Edge E Drop, Edge Hub App Usage, Edge Wallet, Encryption Keys}
{"logTime": "1223/075644", "correlationVector":"yM9FIPJW/LxtTBHaHNV8TN.1","action":"SyncServerConnectionManagerRequest", "result":"SYNC_SERVER_OK", "context":{"environment":"Prod_SoutheastAsia_000j", "migrationStage":"NotStarted", "server":"GENERAL0100000Y"}}
{"logTime": "1223/075644", "correlationVector":"yM9FIPJW/LxtTBHaHNV8TN.2","action":"GetUpdates", "result":"DeleteReceived", "context":{"id":"5e5aafba-754b-4bce-8d77-afec2f73112c", "isDeleted:":"true", "version":"1703313158603"}}
{"logTime": "1223/075644", "correlationVector":"yM9FIPJW/LxtTBHaHNV8TN.3","action":"GetUpdates", "result":"DeleteReceived", "context":{"id":"b17aa00e-aaeb-455d-8b11-65f40b3818ba", "isDeleted:":"true", "version":"1703313158604"}}
{"logTime": "1223/075644", "correlationVector":"yM9FIPJW/LxtTBHaHNV8TN.4","action":"GetUpdates", "result":"DeleteReceived", "context":{"id":"e3b10788-5b1f-4cd0-81a6-1bb08d69e4a7", "isDeleted:":"true", "version":"1703313158605"}}
{"logTime": "1223/075644", "correlationVector":"yM9FIPJW/LxtTBHaHNV8TN.5","action":"GetUpdates", "result":"DeleteReceived", "context":{"id":"1769f78d-01fa-4a57-9f7d-66ef586ec258", "isDeleted:":"true", "version":"1703313158606"}}
{"logTime": "1223/075644", "correlationVector":"yM9FIPJW/LxtTBHaHNV8TN.6","action":"GetUpdates", "result":"DeleteReceived", "context":{"id":"e9e538fc-0c1e-46ef-97f8-5c09f6056e30", "isDeleted:":"true", "version":"1703313158607"}}
{"logTime": "1223/075644", "correlationVector":"yM9FIPJW/LxtTBHaHNV8TN.7","action":"GetUpdates", "result":"DeleteReceived", "context":{"id":"b984efa4-6f4d-4641-bf38-0b3930f2efa5", "isDeleted:":"true", "version":"1703313158609"}}
{"logTime": "1223/075644", "correlationVector":"yM9FIPJW/LxtTBHaHNV8TN.8","action":"GetUpdates", "result":"DeleteReceived", "context":{"id":"4d5c5ec3-5727-405d-995c-69f0d685a3f4", "isDeleted:":"true", "version":"1703313158610"}}
{"logTime": "1223/075644", "correlationVector":"yM9FIPJW/LxtTBHaHNV8TN.9","action":"GetUpdates", "result":"DeleteReceived", "context":{"id":"a48315eb-91e1-4c2a-bf7a-73ec924bac40", "isDeleted:":"true", "version":"1703313158611"}}
{"logTime": "1223/075644", "correlationVector":"yM9FIPJW/LxtTBHaHNV8TN.10","action":"GetUpdates", "result":"DeleteReceived", "context":{"id":"8b286b98-fcd6-4295-88f7-2ab895653d57", "isDeleted:":"true", "version":"1703315623272"}}
{"logTime": "1223/075644", "correlationVector":"yM9FIPJW/LxtTBHaHNV8TN.11","action":"GetUpdates", "result":"DeleteReceived", "context":{"id":"ca7b7e6f-35cc-4c27-a957-be309028ed2b", "isDeleted:":"true", "version":"1703315887603"}}
{"logTime": "1223/075644", "correlationVector":"yM9FIPJW/LxtTBHaHNV8TN.12","action":"GetUpdates", "result":"DeleteReceived", "context":{"id":"dd9f0bac-f813-4342-9eed-c76206f7b5de", "isDeleted:":"true", "version":"1703318136826"}}
{"logTime": "1223/075644", "correlationVector":"yM9FIPJW/LxtTBHaHNV8TN.13","action":"GetUpdates Response", "result":"SYNCER_OK", "context":Received 18 update(s). cV=yM9FIPJW/LxtTBHaHNV8TN.0;server=GENERAL0100000Y;cloudType=Consumer;environment=Prod_SoutheastAsia_000j;migrationStage=NotStarted}
{"logTime": "1223/075644", "correlationVector":"BUdUCwJWrZHSHrqkoa5b+M","action":"Commit Request", "result":"", "context":Item count: 3
Contributing types: Sessions}
{"logTime": "1223/075644", "correlationVector":"BUdUCwJWrZHSHrqkoa5b+M.1","action":"SyncServerConnectionManagerRequest", "result":"SYNC_SERVER_OK", "context":{"environment":"Prod_SoutheastAsia_000j", "migrationStage":"NotStarted", "server":"GENERAL0300000X"}}
{"logTime": "1223/075644", "correlationVector":"BUdUCwJWrZHSHrqkoa5b+M.3","action":"Commit.Sessions", "result":"Success", "context":{"id":"b2ea601a-a7b5-4d3e-8771-7d1253c068a1", "isDeleted":"true", "size":"0", "version":"1703276557126"}}
{"logTime": "1223/075644", "correlationVector":"BUdUCwJWrZHSHrqkoa5b+M.2","action":"Commit Response", "result":"SYNCER_OK", "context":Result: SYNCER_OK. cV=BUdUCwJWrZHSHrqkoa5b+M.0;server=GENERAL0300000X;cloudType=Consumer;environment=Prod_SoutheastAsia_000j;migrationStage=NotStarted}
{"logTime": "1223/075644", "correlationVector":"o7oJENf+3YSewdqCoatcVv","action":"Poll GetUpdate request", "result":"", "context":cV=o7oJENf+3YSewdqCoatcVv}
{"logTime": "1223/075644", "correlationVector":"o7oJENf+3YSewdqCoatcVv.1","action":"SyncServerConnectionManagerRequest", "result":"SYNC_SERVER_OK", "context":{"environment":"Prod_SoutheastAsia_000j", "migrationStage":"NotStarted", "server":"GENERAL0100000N"}}
{"logTime": "1223/075644", "correlationVector":"o7oJENf+3YSewdqCoatcVv.2","action":"GetUpdates", "result":"DeleteReceived", "context":{"id":"b2ea601a-a7b5-4d3e-8771-7d1253c068a1", "isDeleted:":"true", "version":"1703318147125"}}
{"logTime": "1223/075644", "correlationVector":"o7oJENf+3YSewdqCoatcVv.3","action":"GetUpdates Response", "result":"SYNCER_OK", "context":Received 3 update(s). cV=o7oJENf+3YSewdqCoatcVv.0;server=GENERAL0100000N;cloudType=Consumer;environment=Prod_SoutheastAsia_000j;migrationStage=NotStarted}
{"logTime": "1223/075644", "correlationVector":"kykLecnHoz6inlTfiANyE9","action":"Normal GetUpdate request", "result":"", "context":cV=kykLecnHoz6inlTfiANyE9
Nudged types: Sessions}
{"logTime": "1223/075644", "correlationVector":"kykLecnHoz6inlTfiANyE9.1","action":"SyncServerConnectionManagerRequest", "result":"SYNC_SERVER_OK", "context":{"environment":"Prod_SoutheastAsia_000j", "migrationStage":"NotStarted", "server":"GENERAL0100000V"}}
{"logTime": "1223/075644", "correlationVector":"kykLecnHoz6inlTfiANyE9.2","action":"GetUpdates Response", "result":"SYNCER_OK", "context":Received 0 update(s). cV=kykLecnHoz6inlTfiANyE9.0;server=GENERAL0100000V;cloudType=Consumer;environment=Prod_SoutheastAsia_000j;migrationStage=NotStarted}
{"logTime": "1223/075714", "correlationVector":"QhL4erlNVfdn8ftcBO1uyg","action":"Normal GetUpdate request", "result":"", "context":cV=QhL4erlNVfdn8ftcBO1uyg
Notified types: Typed URLs}
{"logTime": "1223/075715", "correlationVector":"QhL4erlNVfdn8ftcBO1uyg.1","action":"SyncServerConnectionManagerRequest", "result":"SYNC_SERVER_OK", "context":{"environment":"Prod_SoutheastAsia_000j", "migrationStage":"NotStarted", "server":"GENERAL0100000H"}}
{"logTime": "1223/075715", "correlationVector":"QhL4erlNVfdn8ftcBO1uyg.2","action":"GetUpdates Response", "result":"SYNCER_OK", "context":Received 4 update(s). cV=QhL4erlNVfdn8ftcBO1uyg.0;server=GENERAL0100000H;cloudType=Consumer;environment=Prod_SoutheastAsia_000j;migrationStage=NotStarted}
{"logTime": "1223/075948", "correlationVector":"IDmfYlBmb873klAIWr31Tz.1","action":"SyncServerConnectionManagerRequest", "result":"SYNC_SERVER_OK", "context":{"environment":"Prod_SoutheastAsia_000j", "migrationStage":"NotStarted", "server":"GENERAL0300002A"}}
{"logTime": "1223/075948", "correlationVector":"IDmfYlBmb873klAIWr31Tz","action":"Initial GetUpdates", "result":"", "context":Reason: NEW_CLIENT. cV=IDmfYlBmb873klAIWr31Tz}
{"logTime": "1223/075948", "correlationVector":"IDmfYlBmb873klAIWr31Tz.2","action":"GetUpdates Response", "result":"SYNCER_OK", "context":Received 1 update(s). cV=IDmfYlBmb873klAIWr31Tz.0;server=GENERAL0300002A;cloudType=Consumer;environment=Prod_SoutheastAsia_000j;migrationStage=NotStarted}
{"logTime": "1223/075948", "correlationVector":"GcS7q+jSipjAqXrtAn1bDZ","action":"Initial GetUpdates", "result":"", "context":Reason: NEWLY_SUPPORTED_DATATYPE. cV=GcS7q+jSipjAqXrtAn1bDZ}
{"logTime": "1223/075948", "correlationVector":"GcS7q+jSipjAqXrtAn1bDZ.1","action":"SyncServerConnectionManagerRequest", "result":"SYNC_SERVER_OK", "context":{"environment":"Prod_SoutheastAsia_000j", "migrationStage":"NotStarted", "server":"GENERAL0100000C"}}
{"logTime": "1223/075948", "correlationVector":"GcS7q+jSipjAqXrtAn1bDZ.2","action":"GetUpdates", "result":"DeleteReceived", "context":{"id":"df00496d-3b98-48f8-b72e-f0f509c04e62", "isDeleted:":"true", "version":"1689941315498"}}
{"logTime": "1223/075948", "correlationVector":"GcS7q+jSipjAqXrtAn1bDZ.3","action":"GetUpdates", "result":"DeleteReceived", "context":{"id":"b2542160-930d-477a-925e-f75e6786b4fb", "isDeleted:":"true", "version":"1689941315499"}}
{"logTime": "1223/075948", "correlationVector":"GcS7q+jSipjAqXrtAn1bDZ.4","action":"GetUpdates", "result":"DeleteReceived", "context":{"id":"2236b0ea-52af-414b-8d42-fbf380c1f54e", "isDeleted:":"true", "version":"1689941315500"}}
{"logTime": "1223/075948", "correlationVector":"GcS7q+jSipjAqXrtAn1bDZ.5","action":"GetUpdates", "result":"DeleteReceived", "context":{"id":"b591682a-d78c-4822-8943-4f14714db7b9", "isDeleted:":"true", "version":"1689941315501"}}
{"logTime": "1223/075948", "correlationVector":"GcS7q+jSipjAqXrtAn1bDZ.6","action":"GetUpdates", "result":"DeleteReceived", "context":{"id":"2b122bdf-8839-4571-8881-0a2ac64a4265", "isDeleted:":"true", "version":"1689941315502"}}
{"logTime": "1223/075948", "correlationVector":"GcS7q+jSipjAqXrtAn1bDZ.7","action":"GetUpdates", "result":"DeleteReceived", "context":{"id":"7f1aff65-9dea-4d4d-9f85-f89b19bc49ec", "isDeleted:":"true", "version":"1689941315503"}}
{"logTime": "1223/075948", "correlationVector":"GcS7q+jSipjAqXrtAn1bDZ.8","action":"GetUpdates", "result":"DeleteReceived", "context":{"id":"3331fc99-be6f-4b6b-9f85-662fc3408bd9", "isDeleted:":"true", "version":"1689941315504"}}
{"logTime": "1223/075948", "correlationVector":"GcS7q+jSipjAqXrtAn1bDZ.9","action":"GetUpdates", "result":"DeleteReceived", "context":{"id":"5808494a-6cf1-4044-89fa-81515949b7f8", "isDeleted:":"true", "version":"1689941315505"}}
{"logTime": "1223/075948", "correlationVector":"GcS7q+jSipjAqXrtAn1bDZ.10","action":"GetUpdates", "result":"DeleteReceived", "context":{"id":"9e02c29d-cf1d-4383-8d70-e89f83408ae8", "isDeleted:":"true", "version":"1689941315506"}}
{"logTime": "1223/075948", "correlationVector":"GcS7q+jSipjAqXrtAn1bDZ.11","action":"GetUpdates", "result":"DeleteReceived", "context":{"id":"7a909957-ab35-4452-bf1a-23fcffcc1e5d", "isDeleted:":"true", "version":"1689941315507"}}
{"logTime": "1223/075948", "correlationVector":"GcS7q+jSipjAqXrtAn1bDZ.12","action":"GetUpdates", "result":"DeleteReceived", "context":{"id":"cbaef9e1-a198-4676-b486-7195e98a83c9", "isDeleted:":"true", "version":"1689941315508"}}
{"logTime": "1223/075948", "correlationVector":"GcS7q+jSipjAqXrtAn1bDZ.13","action":"GetUpdates", "result":"DeleteReceived", "context":{"id":"9e3b078e-f3ca-4651-898d-258197efe4f0", "isDeleted:":"true", "version":"1689941315509"}}
{"logTime": "1223/075948", "correlationVector":"GcS7q+jSipjAqXrtAn1bDZ.14","action":"GetUpdates", "result":"DeleteReceived", "context":{"id":"71ae96b4-1900-4f42-8954-8bd24855c842", "isDeleted:":"true", "version":"1689941315510"}}
{"logTime": "1223/075948", "correlationVector":"GcS7q+jSipjAqXrtAn1bDZ.15","action":"GetUpdates", "result":"DeleteReceived", "context":{"id":"1aabdfcb-1d04-474d-9298-581602b3b655", "isDeleted:":"true", "version":"1689941315511"}}
{"logTime": "1223/075948", "correlationVector":"GcS7q+jSipjAqXrtAn1bDZ.16","action":"GetUpdates", "result":"DeleteReceived", "context":{"id":"24a7cae7-8f79-41a6-9a25-f4e393bb3eab", "isDeleted:":"true", "version":"1689941315512"}}
{"logTime": "1223/075948", "correlationVector":"GcS7q+jSipjAqXrtAn1bDZ.17","action":"GetUpdates", "result":"DeleteReceived", "context":{"id":"9f890766-eed3-4db9-9d66-186339c826e8", "isDeleted:":"true", "version":"1689941315513"}}
{"logTime": "1223/075948", "correlationVector":"GcS7q+jSipjAqXrtAn1bDZ.18","action":"GetUpdates", "result":"DeleteReceived", "context":{"id":"e27810ee-be2b-4e5e-bd3e-f5e9d03a12c9", "isDeleted:":"true", "version":"1689941315514"}}
{"logTime": "1223/075948", "correlationVector":"GcS7q+jSipjAqXrtAn1bDZ.19","action":"GetUpdates", "result":"DeleteReceived", "context":{"id":"4fdd9171-16e1-403d-84bd-cda51b41d90f", "isDeleted:":"true", "version":"1689941315515"}}
{"logTime": "1223/075948", "correlationVector":"GcS7q+jSipjAqXrtAn1bDZ.20","action":"GetUpdates", "result":"DeleteReceived", "context":{"id":"e63ec1cd-6054-469b-8414-e59fcace64f7", "isDeleted:":"true", "version":"1689941315516"}}
{"logTime": "1223/075948", "correlationVector":"GcS7q+jSipjAqXrtAn1bDZ.21","action":"GetUpdates", "result":"DeleteReceived", "context":{"id":"0c43f107-22b9-4abc-9711-414cea1eeb69", "isDeleted:":"true", "version":"1689941315517"}}
{"logTime": "1223/075948", "correlationVector":"GcS7q+jSipjAqXrtAn1bDZ.22","action":"GetUpdates", "result":"DeleteReceived", "context":{"id":"f46e8f52-2623-4f98-bd3b-f68be77d0735", "isDeleted:":"true", "version":"1689941317227"}}
{"logTime": "1223/075948", "correlationVector":"GcS7q+jSipjAqXrtAn1bDZ.23","action":"GetUpdates", "result":"DeleteReceived", "context":{"id":"0a8bc914-59b9-4b07-b948-c24a673d34c7", "isDeleted:":"true", "version":"1689941317228"}}
{"logTime": "1223/075948", "correlationVector":"GcS7q+jSipjAqXrtAn1bDZ.24","action":"GetUpdates", "result":"DeleteReceived", "context":{"id":"35c39872-71d4-4747-a6f2-36667bfed42c", "isDeleted:":"true", "version":"1689941317229"}}
{"logTime": "1223/075948", "correlationVector":"GcS7q+jSipjAqXrtAn1bDZ.25","action":"GetUpdates", "result":"DeleteReceived", "context":{"id":"1fe6736f-c9a6-4ba6-a335-8f0b05d07503", "isDeleted:":"true", "version":"1689941317230"}}
{"logTime": "1223/075948", "correlationVector":"GcS7q+jSipjAqXrtAn1bDZ.26","action":"GetUpdates", "result":"DeleteReceived", "context":{"id":"6e3af693-6877-4ff1-aa10-2738bc62b8f8", "isDeleted:":"true", "version":"1689941317231"}}
{"logTime": "1223/075948", "correlationVector":"GcS7q+jSipjAqXrtAn1bDZ.27","action":"GetUpdates", "result":"DeleteReceived", "context":{"id":"df015e6b-66cd-4aac-955a-a6ba414a2389", "isDeleted:":"true", "version":"1689941317232"}}
{"logTime": "1223/075948", "correlationVector":"GcS7q+jSipjAqXrtAn1bDZ.28","action":"GetUpdates", "result":"DeleteReceived", "context":{"id":"b9bbe730-dd97-4c24-9e0f-e31bf82367e5", "isDeleted:":"true", "version":"1689941317233"}}
{"logTime": "1223/075948", "correlationVector":"GcS7q+jSipjAqXrtAn1bDZ.29","action":"GetUpdates", "result":"DeleteReceived", "context":{"id":"a057dd16-e742-4da2-aa74-fcbc82383477", "isDeleted:":"true", "version":"1689941317234"}}
{"logTime": "1223/075948", "correlationVector":"GcS7q+jSipjAqXrtAn1bDZ.30","action":"GetUpdates", "result":"DeleteReceived", "context":{"id":"35bf63ee-09f0-42de-9fda-7113eed65d31", "isDeleted:":"true", "version":"1689941317235"}}
{"logTime": "1223/075948", "correlationVector":"GcS7q+jSipjAqXrtAn1bDZ.31","action":"GetUpdates", "result":"DeleteReceived", "context":{"id":"b3496a80-1c9e-4888-9602-e5f4e7a3b5e6", "isDeleted:":"true", "version":"1689941317236"}}
{"logTime": "1223/075948", "correlationVector":"GcS7q+jSipjAqXrtAn1bDZ.32","action":"GetUpdates", "result":"DeleteReceived", "context":{"id":"103e686c-d9af-4c88-89cf-4dbcef58ae8b", "isDeleted:":"true", "version":"1689941317237"}}
{"logTime": "1223/075948", "correlationVector":"GcS7q+jSipjAqXrtAn1bDZ.33","action":"GetUpdates", "result":"DeleteReceived", "context":{"id":"a6f2bb43-f65e-4b3d-a0ac-a1ee02e257fc", "isDeleted:":"true", "version":"1689941317238"}}
{"logTime": "1223/075948", "correlationVector":"GcS7q+jSipjAqXrtAn1bDZ.34","action":"GetUpdates", "result":"DeleteReceived", "context":{"id":"2fe3cc8b-d004-4ea2-bbfd-addfc088754a", "isDeleted:":"true", "version":"1689941317239"}}
{"logTime": "1223/075948", "correlationVector":"GcS7q+jSipjAqXrtAn1bDZ.35","action":"GetUpdates", "result":"DeleteReceived", "context":{"id":"8d65467f-2168-47b3-b9fa-f4a38477be0d", "isDeleted:":"true", "version":"1689941317240"}}
{"logTime": "1223/075948", "correlationVector":"GcS7q+jSipjAqXrtAn1bDZ.36","action":"GetUpdates", "result":"DeleteReceived", "context":{"id":"f320d3c3-589b-4ace-92e5-d9c767c15063", "isDeleted:":"true", "version":"1689941317241"}}
{"logTime": "1223/075948", "correlationVector":"GcS7q+jSipjAqXrtAn1bDZ.37","action":"GetUpdates", "result":"DeleteReceived", "context":{"id":"d6186030-141b-42fa-915e-5a22b6825b19", "isDeleted:":"true", "version":"1689941317242"}}
{"logTime": "1223/075948", "correlationVector":"GcS7q+jSipjAqXrtAn1bDZ.38","action":"GetUpdates", "result":"DeleteReceived", "context":{"id":"e796c81e-9c4b-4b91-ac5d-1f04e798ffe5", "isDeleted:":"true", "version":"1689941317243"}}
{"logTime": "1223/075948", "correlationVector":"GcS7q+jSipjAqXrtAn1bDZ.39","action":"GetUpdates", "result":"DeleteReceived", "context":{"id":"4069be10-a764-4e88-a5f7-e7918247357b", "isDeleted:":"true", "version":"1689941317244"}}
{"logTime": "1223/075948", "correlationVector":"GcS7q+jSipjAqXrtAn1bDZ.40","action":"GetUpdates", "result":"DeleteReceived", "context":{"id":"8d9ceacd-b801-4213-9878-cfbcca33098f", "isDeleted:":"true", "version":"1689941317245"}}
{"logTime": "1223/075948", "correlationVector":"GcS7q+jSipjAqXrtAn1bDZ.41","action":"GetUpdates", "result":"DeleteReceived", "context":{"id":"d9ee4c55-16cf-427d-8ac3-e2cee40bb441", "isDeleted:":"true", "version":"1689941317246"}}
{"logTime": "1223/075948", "correlationVector":"GcS7q+jSipjAqXrtAn1bDZ.42","action":"GetUpdates", "result":"DeleteReceived", "context":{"id":"d76e8fea-0343-4481-b35a-25733cd8d7ee", "isDeleted:":"true", "version":"1689941318995"}}
{"logTime": "1223/075948", "correlationVector":"GcS7q+jSipjAqXrtAn1bDZ.43","action":"GetUpdates", "result":"DeleteReceived", "context":{"id":"b0d68aca-63a0-4a37-b63f-2c202cdd33a6", "isDeleted:":"true", "version":"1689941318996"}}
{"logTime": "1223/075948", "correlationVector":"GcS7q+jSipjAqXrtAn1bDZ.44","action":"GetUpdates", "result":"DeleteReceived", "context":{"id":"77d4ffb1-51da-4dbe-b700-63e1340eb926", "isDeleted:":"true", "version":"1689941318997"}}
{"logTime": "1223/075948", "correlationVector":"GcS7q+jSipjAqXrtAn1bDZ.45","action":"GetUpdates", "result":"DeleteReceived", "context":{"id":"80a73b95-e069-4085-b081-3f161802b5ed", "isDeleted:":"true", "version":"1689941318998"}}
{"logTime": "1223/075948", "correlationVector":"GcS7q+jSipjAqXrtAn1bDZ.46","action":"GetUpdates", "result":"DeleteReceived", "context":{"id":"580e5453-62e5-4694-b7be-c1585093b901", "isDeleted:":"true", "version":"1689941318999"}}
{"logTime": "1223/075948", "correlationVector":"GcS7q+jSipjAqXrtAn1bDZ.47","action":"GetUpdates", "result":"DeleteReceived", "context":{"id":"cd745a9c-8774-4649-ae79-148fd3348a5e", "isDeleted:":"true", "version":"1689941319000"}}
{"logTime": "1223/075948", "correlationVector":"GcS7q+jSipjAqXrtAn1bDZ.48","action":"GetUpdates", "result":"DeleteReceived", "context":{"id":"6549cfa8-9aed-42f0-9f8f-d0b88ae6c55a", "isDeleted:":"true", "version":"1689941319001"}}
{"logTime": "1223/075948", "correlationVector":"GcS7q+jSipjAqXrtAn1bDZ.49","action":"GetUpdates", "result":"DeleteReceived", "context":{"id":"a6791c92-cba5-45cf-b099-175246c4eec2", "isDeleted:":"true", "version":"1689941319002"}}
{"logTime": "1223/075948", "correlationVector":"GcS7q+jSipjAqXrtAn1bDZ.50","action":"GetUpdates", "result":"DeleteReceived", "context":{"id":"0e1c6637-c216-4d56-a6ea-af6d4caebc17", "isDeleted:":"true", "version":"1689941319003"}}
{"logTime": "1223/075948", "correlationVector":"GcS7q+jSipjAqXrtAn1bDZ.51","action":"GetUpdates", "result":"DeleteReceived", "context":{"id":"f3d0493a-b400-46e3-93ed-a42c139236cc", "isDeleted:":"true", "version":"1689941319004"}}
{"logTime": "1223/075948", "correlationVector":"GcS7q+jSipjAqXrtAn1bDZ.52","action":"GetUpdates", "result":"DeleteReceived", "context":{"id":"302f9a9a-12d6-4397-809f-47346a55dc20", "isDeleted:":"true", "version":"1689941319005"}}
{"logTime": "1223/075948", "correlationVector":"GcS7q+jSipjAqXrtAn1bDZ.53","action":"GetUpdates", "result":"DeleteReceived", "context":{"id":"9879dd9c-127a-48fe-9009-0d4414c691fe", "isDeleted:":"true", "version":"1689941319006"}}
{"logTime": "1223/075948", "correlationVector":"GcS7q+jSipjAqXrtAn1bDZ.54","action":"GetUpdates", "result":"DeleteReceived", "context":{"id":"860e2805-5522-411a-a5d6-f790432a2486", "isDeleted:":"true", "version":"1689941319007"}}
{"logTime": "1223/075948", "correlationVector":"GcS7q+jSipjAqXrtAn1bDZ.55","action":"GetUpdates", "result":"DeleteReceived", "context":{"id":"cf30b55f-9850-4c25-8292-3241a6ed5fb2", "isDeleted:":"true", "version":"1689941319008"}}
{"logTime": "1223/075948", "correlationVector":"GcS7q+jSipjAqXrtAn1bDZ.56","action":"GetUpdates", "result":"DeleteReceived", "context":{"id":"1b5c50b4-2618-49d5-a87d-ddfa0b27b4aa", "isDeleted:":"true", "version":"1689941319009"}}
{"logTime": "1223/075948", "correlationVector":"GcS7q+jSipjAqXrtAn1bDZ.57","action":"GetUpdates", "result":"DeleteReceived", "context":{"id":"dc44cc88-8f70-4451-9d0e-3701fde04ea7", "isDeleted:":"true", "version":"1689941319010"}}
{"logTime": "1223/075948", "correlationVector":"GcS7q+jSipjAqXrtAn1bDZ.58","action":"GetUpdates", "result":"DeleteReceived", "context":{"id":"1a51b72e-a95f-42db-9043-bae0f286dc3c", "isDeleted:":"true", "version":"1689941319011"}}
{"logTime": "1223/075948", "correlationVector":"GcS7q+jSipjAqXrtAn1bDZ.59","action":"GetUpdates", "result":"DeleteReceived", "context":{"id":"684852c3-a54b-406f-9f71-b9c49c643ff6", "isDeleted:":"true", "version":"1689941319012"}}
{"logTime": "1223/075948", "correlationVector":"GcS7q+jSipjAqXrtAn1bDZ.60","action":"GetUpdates", "result":"DeleteReceived", "context":{"id":"9e579b14-80fe-4c3d-bd0e-55124d16cc3b", "isDeleted:":"true", "version":"1689941319013"}}
{"logTime": "1223/075948", "correlationVector":"GcS7q+jSipjAqXrtAn1bDZ.61","action":"GetUpdates", "result":"DeleteReceived", "context":{"id":"5ea39e98-c513-454c-a950-454fe7565076", "isDeleted:":"true", "version":"1689941319014"}}
{"logTime": "1223/075948", "correlationVector":"GcS7q+jSipjAqXrtAn1bDZ.62","action":"GetUpdates", "result":"DeleteReceived", "context":{"id":"92f77f4b-cb9c-40b6-b112-b64c143629ab", "isDeleted:":"true", "version":"1689941321016"}}
{"logTime": "1223/075948", "correlationVector":"GcS7q+jSipjAqXrtAn1bDZ.63","action":"GetUpdates", "result":"DeleteReceived", "context":{"id":"9b5b8c52-5e3b-4f54-8f85-27fdb2f63b9d", "isDeleted:":"true", "version":"1689941321017"}}
{"logTime": "1223/075948", "correlationVector":"GcS7q+jSipjAqXrtAn1bDZ.64","action":"GetUpdates", "result":"DeleteReceived", "context":{"id":"391f4ae3-8ed6-4298-867a-e84cd42bcb99", "isDeleted:":"true", "version":"1689941321018"}}
{"logTime": "1223/075948", "correlationVector":"GcS7q+jSipjAqXrtAn1bDZ.65","action":"GetUpdates", "result":"DeleteReceived", "context":{"id":"38fb7187-3c2b-44d8-8b08-4860d6f966da", "isDeleted:":"true", "version":"1689941321019"}}
{"logTime": "1223/075948", "correlationVector":"GcS7q+jSipjAqXrtAn1bDZ.66","action":"GetUpdates", "result":"DeleteReceived", "context":{"id":"cc7f02e6-33f6-4834-af5b-e4b96821da9c", "isDeleted:":"true", "version":"1689941321020"}}
{"logTime": "1223/075948", "correlationVector":"GcS7q+jSipjAqXrtAn1bDZ.67","action":"GetUpdates", "result":"DeleteReceived", "context":{"id":"700a8374-7277-401a-bf85-df792607f43d", "isDeleted:":"true", "version":"1689941321021"}}
{"logTime": "1223/075948", "correlationVector":"GcS7q+jSipjAqXrtAn1bDZ.68","action":"GetUpdates", "result":"DeleteReceived", "context":{"id":"0b97e225-9317-4f9a-908b-9c8d60fe9197", "isDeleted:":"true", "version":"1689941321022"}}
{"logTime": "1223/075948", "correlationVector":"GcS7q+jSipjAqXrtAn1bDZ.69","action":"GetUpdates", "result":"DeleteReceived", "context":{"id":"38265994-b8ff-4f73-8a84-f6c8ecc0540d", "isDeleted:":"true", "version":"1689941321023"}}
{"logTime": "1223/075948", "correlationVector":"GcS7q+jSipjAqXrtAn1bDZ.70","action":"GetUpdates", "result":"DeleteReceived", "context":{"id":"4af0d7ca-ceab-465b-b41d-377588c28840", "isDeleted:":"true", "version":"1689941321024"}}
{"logTime": "1223/075948", "correlationVector":"GcS7q+jSipjAqXrtAn1bDZ.71","action":"GetUpdates", "result":"DeleteReceived", "context":{"id":"5b8fc9fe-f19b-4645-894b-511abea12270", "isDeleted:":"true", "version":"1689941321025"}}
{"logTime": "1223/075948", "correlationVector":"GcS7q+jSipjAqXrtAn1bDZ.72","action":"GetUpdates", "result":"DeleteReceived", "context":{"id":"be89739a-761e-4f95-ac4f-8fc836f44205", "isDeleted:":"true", "version":"1689941321026"}}
{"logTime": "1223/075948", "correlationVector":"GcS7q+jSipjAqXrtAn1bDZ.73","action":"GetUpdates", "result":"DeleteReceived", "context":{"id":"d11e2a71-3a71-43a2-a50f-1dea09f46775", "isDeleted:":"true", "version":"1689941321027"}}
{"logTime": "1223/075948", "correlationVector":"GcS7q+jSipjAqXrtAn1bDZ.74","action":"GetUpdates", "result":"DeleteReceived", "context":{"id":"5d31e9d1-c4df-4b62-bfc1-00662dbdd873", "isDeleted:":"true", "version":"1689941321028"}}
{"logTime": "1223/075948", "correlationVector":"GcS7q+jSipjAqXrtAn1bDZ.75","action":"GetUpdates", "result":"DeleteReceived", "context":{"id":"27fb6274-9dda-4fa7-a1e5-d033dc48c37d", "isDeleted:":"true", "version":"1689941321029"}}
{"logTime": "1223/075948", "correlationVector":"GcS7q+jSipjAqXrtAn1bDZ.76","action":"GetUpdates", "result":"DeleteReceived", "context":{"id":"c86a3846-91d4-4274-b8f8-b76c31385858", "isDeleted:":"true", "version":"1689941321030"}}
{"logTime": "1223/075948", "correlationVector":"GcS7q+jSipjAqXrtAn1bDZ.77","action":"GetUpdates", "result":"DeleteReceived", "context":{"id":"8d27d0ac-836a-4092-a0f0-1dce03daa331", "isDeleted:":"true", "version":"1689941321031"}}
{"logTime": "1223/075948", "correlationVector":"GcS7q+jSipjAqXrtAn1bDZ.78","action":"GetUpdates", "result":"DeleteReceived", "context":{"id":"e59a6238-b20b-4d58-a490-0155f3d105d9", "isDeleted:":"true", "version":"1689941321032"}}
{"logTime": "1223/075948", "correlationVector":"GcS7q+jSipjAqXrtAn1bDZ.79","action":"GetUpdates", "result":"DeleteReceived", "context":{"id":"3c164070-fc2d-4afa-a0f3-bc3d0ee9b096", "isDeleted:":"true", "version":"1689941321033"}}
{"logTime": "1223/075948", "correlationVector":"GcS7q+jSipjAqXrtAn1bDZ.80","action":"GetUpdates", "result":"DeleteReceived", "context":{"id":"570de8d4-719b-44b1-884f-20ae720a7a83", "isDeleted:":"true", "version":"1689941321034"}}
{"logTime": "1223/075948", "correlationVector":"GcS7q+jSipjAqXrtAn1bDZ.81","action":"GetUpdates", "result":"DeleteReceived", "context":{"id":"02576ac9-bbe9-4765-a810-a054d953f113", "isDeleted:":"true", "version":"1689941321035"}}
{"logTime": "1223/075948", "correlationVector":"GcS7q+jSipjAqXrtAn1bDZ.82","action":"GetUpdates", "result":"DeleteReceived", "context":{"id":"f0130e3c-bd33-4206-9bd8-aedd32e65b4f", "isDeleted:":"true", "version":"1689941322189"}}
{"logTime": "1223/075948", "correlationVector":"GcS7q+jSipjAqXrtAn1bDZ.83","action":"GetUpdates", "result":"DeleteReceived", "context":{"id":"20c1d817-6ad6-47b1-b5ea-71f81bbd1405", "isDeleted:":"true", "version":"1689941322190"}}
{"logTime": "1223/075948", "correlationVector":"GcS7q+jSipjAqXrtAn1bDZ.84","action":"GetUpdates", "result":"DeleteReceived", "context":{"id":"abc8fa0a-70db-4745-b92a-7dc889b35a12", "isDeleted:":"true", "version":"1689941322191"}}
{"logTime": "1223/075948", "correlationVector":"GcS7q+jSipjAqXrtAn1bDZ.85","action":"GetUpdates", "result":"DeleteReceived", "context":{"id":"e83a360b-4797-4c3a-a9d9-0cfeef78ecf5", "isDeleted:":"true", "version":"1689941322192"}}
{"logTime": "1223/075948", "correlationVector":"GcS7q+jSipjAqXrtAn1bDZ.86","action":"GetUpdates Response", "result":"SYNCER_OK", "context":Received 182 update(s). cV=GcS7q+jSipjAqXrtAn1bDZ.0;server=GENERAL0100000C;cloudType=Consumer;environment=Prod_SoutheastAsia_000j;migrationStage=NotStarted}
{"logTime": "1223/075948", "correlationVector":"8/4IO3Fi7+b70XGekq8Xgf","action":"SyncServerConnectionManagerRequest", "result":"SYNC_SERVER_OK", "context":{"environment":"", "migrationStage":"", "server":""}}
{"logTime": "1223/075948", "correlationVector":"W59/pVT5T1rcbqIDpN43zI","action":"Normal GetUpdate request", "result":"", "context":cV=W59/pVT5T1rcbqIDpN43zI
Nudged types: Sessions
Refresh requested types: Bookmarks, Preferences, Passwords, Autofill Profiles, Autofill, Autofill Custom Data, Typed URLs, Extensions, Sessions, Extension settings, History Delete Directives, Device Info, User Consents, Send Tab To Self, Web Apps, Collection, Edge E Drop, Edge Hub App Usage, Edge Wallet, Encryption Keys}
{"logTime": "1223/075948", "correlationVector":"W59/pVT5T1rcbqIDpN43zI.1","action":"SyncServerConnectionManagerRequest", "result":"SYNC_SERVER_OK", "context":{"environment":"Prod_SoutheastAsia_000j", "migrationStage":"NotStarted", "server":"GENERAL01000016"}}
{"logTime": "1223/075948", "correlationVector":"W59/pVT5T1rcbqIDpN43zI.2","action":"GetUpdates Response", "result":"SYNCER_OK", "context":Received 0 update(s). cV=W59/pVT5T1rcbqIDpN43zI.0;server=GENERAL01000016;cloudType=Consumer;environment=Prod_SoutheastAsia_000j;migrationStage=NotStarted}
{"logTime": "1223/075948", "correlationVector":"F5fmy8bZrRF1mxKks276JZ","action":"Commit Request", "result":"", "context":Item count: 3
Contributing types: Sessions}
{"logTime": "1223/075948", "correlationVector":"F5fmy8bZrRF1mxKks276JZ.1","action":"SyncServerConnectionManagerRequest", "result":"SYNC_SERVER_OK", "context":{"environment":"Prod_SoutheastAsia_000j", "migrationStage":"NotStarted", "server":"GENERAL01000001"}}
{"logTime": "1223/075948", "correlationVector":"F5fmy8bZrRF1mxKks276JZ.3","action":"Commit.Sessions", "result":"Success", "context":{"id":"1bfdd9a0-66d7-476b-a21d-66efb1342167", "isDeleted":"true", "size":"0", "version":"1703318147124"}}
{"logTime": "1223/075948", "correlationVector":"F5fmy8bZrRF1mxKks276JZ.2","action":"Commit Response", "result":"SYNCER_OK", "context":Result: SYNCER_OK. cV=F5fmy8bZrRF1mxKks276JZ.0;server=GENERAL01000001;cloudType=Consumer;environment=Prod_SoutheastAsia_000j;migrationStage=NotStarted}
{"logTime": "1223/075948", "correlationVector":"ONISgtALqyq3TBvQgLzY0t","action":"Normal GetUpdate request", "result":"", "context":cV=ONISgtALqyq3TBvQgLzY0t
Nudged types: Sessions
Refresh requested types: Bookmarks, Preferences, Passwords, Autofill Profiles, Autofill, Autofill Custom Data, Typed URLs, Extensions, Sessions, Extension settings, History Delete Directives, Device Info, User Consents, Send Tab To Self, Web Apps, Collection, Edge E Drop, Edge Hub App Usage, Edge Wallet, Encryption Keys}
{"logTime": "1223/075948", "correlationVector":"ONISgtALqyq3TBvQgLzY0t.1","action":"SyncServerConnectionManagerRequest", "result":"SYNC_SERVER_OK", "context":{"environment":"Prod_SoutheastAsia_000j", "migrationStage":"NotStarted", "server":"GENERAL0100000I"}}
{"logTime": "1223/075948", "correlationVector":"ONISgtALqyq3TBvQgLzY0t.2","action":"GetUpdates", "result":"DeleteReceived", "context":{"id":"1bfdd9a0-66d7-476b-a21d-66efb1342167", "isDeleted:":"true", "version":"1703318384037"}}
{"logTime": "1223/075948", "correlationVector":"ONISgtALqyq3TBvQgLzY0t.3","action":"GetUpdates Response", "result":"SYNCER_OK", "context":Received 3 update(s). cV=ONISgtALqyq3TBvQgLzY0t.0;server=GENERAL0100000I;cloudType=Consumer;environment=Prod_SoutheastAsia_000j;migrationStage=NotStarted}
{"logTime": "1223/080645", "correlationVector":"WF72nGtU/6yRraguZZdgVQ.1","action":"SyncServerConnectionManagerRequest", "result":"SYNC_SERVER_OK", "context":{"environment":"Prod_SoutheastAsia_000j", "migrationStage":"NotStarted", "server":"GENERAL0300000O"}}
{"logTime": "1223/080645", "correlationVector":"WF72nGtU/6yRraguZZdgVQ","action":"Initial GetUpdates", "result":"", "context":Reason: NEW_CLIENT. cV=WF72nGtU/6yRraguZZdgVQ}
{"logTime": "1223/080645", "correlationVector":"WF72nGtU/6yRraguZZdgVQ.2","action":"GetUpdates Response", "result":"SYNCER_OK", "context":Received 1 update(s). cV=WF72nGtU/6yRraguZZdgVQ.0;server=GENERAL0300000O;cloudType=Consumer;environment=Prod_SoutheastAsia_000j;migrationStage=NotStarted}
{"logTime": "1223/080645", "correlationVector":"0mrQBPQ8fAlX/+f7rhFRQ7","action":"SyncServerConnectionManagerRequest", "result":"SYNC_SERVER_OK", "context":{"environment":"", "migrationStage":"", "server":""}}
{"logTime": "1223/080645", "correlationVector":"byr4947faXBfQGr70gzRwr","action":"Initial GetUpdates", "result":"", "context":Reason: NEWLY_SUPPORTED_DATATYPE. cV=byr4947faXBfQGr70gzRwr}
{"logTime": "1223/080645", "correlationVector":"byr4947faXBfQGr70gzRwr.1","action":"SyncServerConnectionManagerRequest", "result":"SYNC_SERVER_OK", "context":{"environment":"Prod_SoutheastAsia_000j", "migrationStage":"NotStarted", "server":"GENERAL03000008"}}
{"logTime": "1223/080645", "correlationVector":"byr4947faXBfQGr70gzRwr.2","action":"GetUpdates", "result":"DeleteReceived", "context":{"id":"df00496d-3b98-48f8-b72e-f0f509c04e62", "isDeleted:":"true", "version":"1689941315498"}}
{"logTime": "1223/080645", "correlationVector":"byr4947faXBfQGr70gzRwr.3","action":"GetUpdates", "result":"DeleteReceived", "context":{"id":"b2542160-930d-477a-925e-f75e6786b4fb", "isDeleted:":"true", "version":"1689941315499"}}
{"logTime": "1223/080645", "correlationVector":"byr4947faXBfQGr70gzRwr.4","action":"GetUpdates", "result":"DeleteReceived", "context":{"id":"2236b0ea-52af-414b-8d42-fbf380c1f54e", "isDeleted:":"true", "version":"1689941315500"}}
{"logTime": "1223/080645", "correlationVector":"byr4947faXBfQGr70gzRwr.5","action":"GetUpdates", "result":"DeleteReceived", "context":{"id":"b591682a-d78c-4822-8943-4f14714db7b9", "isDeleted:":"true", "version":"1689941315501"}}
{"logTime": "1223/080645", "correlationVector":"byr4947faXBfQGr70gzRwr.6","action":"GetUpdates", "result":"DeleteReceived", "context":{"id":"2b122bdf-8839-4571-8881-0a2ac64a4265", "isDeleted:":"true", "version":"1689941315502"}}
{"logTime": "1223/080645", "correlationVector":"byr4947faXBfQGr70gzRwr.7","action":"GetUpdates", "result":"DeleteReceived", "context":{"id":"7f1aff65-9dea-4d4d-9f85-f89b19bc49ec", "isDeleted:":"true", "version":"1689941315503"}}
{"logTime": "1223/080645", "correlationVector":"byr4947faXBfQGr70gzRwr.8","action":"GetUpdates", "result":"DeleteReceived", "context":{"id":"3331fc99-be6f-4b6b-9f85-662fc3408bd9", "isDeleted:":"true", "version":"1689941315504"}}
{"logTime": "1223/080645", "correlationVector":"byr4947faXBfQGr70gzRwr.9","action":"GetUpdates", "result":"DeleteReceived", "context":{"id":"5808494a-6cf1-4044-89fa-81515949b7f8", "isDeleted:":"true", "version":"1689941315505"}}
{"logTime": "1223/080645", "correlationVector":"byr4947faXBfQGr70gzRwr.10","action":"GetUpdates", "result":"DeleteReceived", "context":{"id":"9e02c29d-cf1d-4383-8d70-e89f83408ae8", "isDeleted:":"true", "version":"1689941315506"}}
{"logTime": "1223/080645", "correlationVector":"byr4947faXBfQGr70gzRwr.11","action":"GetUpdates", "result":"DeleteReceived", "context":{"id":"7a909957-ab35-4452-bf1a-23fcffcc1e5d", "isDeleted:":"true", "version":"1689941315507"}}
{"logTime": "1223/080645", "correlationVector":"byr4947faXBfQGr70gzRwr.12","action":"GetUpdates", "result":"DeleteReceived", "context":{"id":"cbaef9e1-a198-4676-b486-7195e98a83c9", "isDeleted:":"true", "version":"1689941315508"}}
{"logTime": "1223/080645", "correlationVector":"byr4947faXBfQGr70gzRwr.13","action":"GetUpdates", "result":"DeleteReceived", "context":{"id":"9e3b078e-f3ca-4651-898d-258197efe4f0", "isDeleted:":"true", "version":"1689941315509"}}
{"logTime": "1223/080645", "correlationVector":"byr4947faXBfQGr70gzRwr.14","action":"GetUpdates", "result":"DeleteReceived", "context":{"id":"71ae96b4-1900-4f42-8954-8bd24855c842", "isDeleted:":"true", "version":"1689941315510"}}
{"logTime": "1223/080645", "correlationVector":"byr4947faXBfQGr70gzRwr.15","action":"GetUpdates", "result":"DeleteReceived", "context":{"id":"1aabdfcb-1d04-474d-9298-581602b3b655", "isDeleted:":"true", "version":"1689941315511"}}
{"logTime": "1223/080645", "correlationVector":"byr4947faXBfQGr70gzRwr.16","action":"GetUpdates", "result":"DeleteReceived", "context":{"id":"24a7cae7-8f79-41a6-9a25-f4e393bb3eab", "isDeleted:":"true", "version":"1689941315512"}}
{"logTime": "1223/080645", "correlationVector":"byr4947faXBfQGr70gzRwr.17","action":"GetUpdates", "result":"DeleteReceived", "context":{"id":"9f890766-eed3-4db9-9d66-186339c826e8", "isDeleted:":"true", "version":"1689941315513"}}
{"logTime": "1223/080645", "correlationVector":"byr4947faXBfQGr70gzRwr.18","action":"GetUpdates", "result":"DeleteReceived", "context":{"id":"e27810ee-be2b-4e5e-bd3e-f5e9d03a12c9", "isDeleted:":"true", "version":"1689941315514"}}
{"logTime": "1223/080645", "correlationVector":"byr4947faXBfQGr70gzRwr.19","action":"GetUpdates", "result":"DeleteReceived", "context":{"id":"4fdd9171-16e1-403d-84bd-cda51b41d90f", "isDeleted:":"true", "version":"1689941315515"}}
{"logTime": "1223/080645", "correlationVector":"byr4947faXBfQGr70gzRwr.20","action":"GetUpdates", "result":"DeleteReceived", "context":{"id":"e63ec1cd-6054-469b-8414-e59fcace64f7", "isDeleted:":"true", "version":"1689941315516"}}
{"logTime": "1223/080645", "correlationVector":"byr4947faXBfQGr70gzRwr.21","action":"GetUpdates", "result":"DeleteReceived", "context":{"id":"0c43f107-22b9-4abc-9711-414cea1eeb69", "isDeleted:":"true", "version":"1689941315517"}}
{"logTime": "1223/080645", "correlationVector":"byr4947faXBfQGr70gzRwr.22","action":"GetUpdates", "result":"DeleteReceived", "context":{"id":"f46e8f52-2623-4f98-bd3b-f68be77d0735", "isDeleted:":"true", "version":"1689941317227"}}
{"logTime": "1223/080645", "correlationVector":"byr4947faXBfQGr70gzRwr.23","action":"GetUpdates", "result":"DeleteReceived", "context":{"id":"0a8bc914-59b9-4b07-b948-c24a673d34c7", "isDeleted:":"true", "version":"1689941317228"}}
{"logTime": "1223/080645", "correlationVector":"byr4947faXBfQGr70gzRwr.24","action":"GetUpdates", "result":"DeleteReceived", "context":{"id":"35c39872-71d4-4747-a6f2-36667bfed42c", "isDeleted:":"true", "version":"1689941317229"}}
{"logTime": "1223/080645", "correlationVector":"byr4947faXBfQGr70gzRwr.25","action":"GetUpdates", "result":"DeleteReceived", "context":{"id":"1fe6736f-c9a6-4ba6-a335-8f0b05d07503", "isDeleted:":"true", "version":"1689941317230"}}
{"logTime": "1223/080645", "correlationVector":"byr4947faXBfQGr70gzRwr.26","action":"GetUpdates", "result":"DeleteReceived", "context":{"id":"6e3af693-6877-4ff1-aa10-2738bc62b8f8", "isDeleted:":"true", "version":"1689941317231"}}
{"logTime": "1223/080645", "correlationVector":"byr4947faXBfQGr70gzRwr.27","action":"GetUpdates", "result":"DeleteReceived", "context":{"id":"df015e6b-66cd-4aac-955a-a6ba414a2389", "isDeleted:":"true", "version":"1689941317232"}}
{"logTime": "1223/080645", "correlationVector":"byr4947faXBfQGr70gzRwr.28","action":"GetUpdates", "result":"DeleteReceived", "context":{"id":"b9bbe730-dd97-4c24-9e0f-e31bf82367e5", "isDeleted:":"true", "version":"1689941317233"}}
{"logTime": "1223/080645", "correlationVector":"byr4947faXBfQGr70gzRwr.29","action":"GetUpdates", "result":"DeleteReceived", "context":{"id":"a057dd16-e742-4da2-aa74-fcbc82383477", "isDeleted:":"true", "version":"1689941317234"}}
{"logTime": "1223/080645", "correlationVector":"byr4947faXBfQGr70gzRwr.30","action":"GetUpdates", "result":"DeleteReceived", "context":{"id":"35bf63ee-09f0-42de-9fda-7113eed65d31", "isDeleted:":"true", "version":"1689941317235"}}
{"logTime": "1223/080645", "correlationVector":"byr4947faXBfQGr70gzRwr.31","action":"GetUpdates", "result":"DeleteReceived", "context":{"id":"b3496a80-1c9e-4888-9602-e5f4e7a3b5e6", "isDeleted:":"true", "version":"1689941317236"}}
{"logTime": "1223/080645", "correlationVector":"byr4947faXBfQGr70gzRwr.32","action":"GetUpdates", "result":"DeleteReceived", "context":{"id":"103e686c-d9af-4c88-89cf-4dbcef58ae8b", "isDeleted:":"true", "version":"1689941317237"}}
{"logTime": "1223/080645", "correlationVector":"byr4947faXBfQGr70gzRwr.33","action":"GetUpdates", "result":"DeleteReceived", "context":{"id":"a6f2bb43-f65e-4b3d-a0ac-a1ee02e257fc", "isDeleted:":"true", "version":"1689941317238"}}
{"logTime": "1223/080645", "correlationVector":"byr4947faXBfQGr70gzRwr.34","action":"GetUpdates", "result":"DeleteReceived", "context":{"id":"2fe3cc8b-d004-4ea2-bbfd-addfc088754a", "isDeleted:":"true", "version":"1689941317239"}}
{"logTime": "1223/080645", "correlationVector":"byr4947faXBfQGr70gzRwr.35","action":"GetUpdates", "result":"DeleteReceived", "context":{"id":"8d65467f-2168-47b3-b9fa-f4a38477be0d", "isDeleted:":"true", "version":"1689941317240"}}
{"logTime": "1223/080645", "correlationVector":"byr4947faXBfQGr70gzRwr.36","action":"GetUpdates", "result":"DeleteReceived", "context":{"id":"f320d3c3-589b-4ace-92e5-d9c767c15063", "isDeleted:":"true", "version":"1689941317241"}}
{"logTime": "1223/080645", "correlationVector":"byr4947faXBfQGr70gzRwr.37","action":"GetUpdates", "result":"DeleteReceived", "context":{"id":"d6186030-141b-42fa-915e-5a22b6825b19", "isDeleted:":"true", "version":"1689941317242"}}
{"logTime": "1223/080645", "correlationVector":"byr4947faXBfQGr70gzRwr.38","action":"GetUpdates", "result":"DeleteReceived", "context":{"id":"e796c81e-9c4b-4b91-ac5d-1f04e798ffe5", "isDeleted:":"true", "version":"1689941317243"}}
{"logTime": "1223/080645", "correlationVector":"byr4947faXBfQGr70gzRwr.39","action":"GetUpdates", "result":"DeleteReceived", "context":{"id":"4069be10-a764-4e88-a5f7-e7918247357b", "isDeleted:":"true", "version":"1689941317244"}}
{"logTime": "1223/080645", "correlationVector":"byr4947faXBfQGr70gzRwr.40","action":"GetUpdates", "result":"DeleteReceived", "context":{"id":"8d9ceacd-b801-4213-9878-cfbcca33098f", "isDeleted:":"true", "version":"1689941317245"}}
{"logTime": "1223/080645", "correlationVector":"byr4947faXBfQGr70gzRwr.41","action":"GetUpdates", "result":"DeleteReceived", "context":{"id":"d9ee4c55-16cf-427d-8ac3-e2cee40bb441", "isDeleted:":"true", "version":"1689941317246"}}
{"logTime": "1223/080645", "correlationVector":"byr4947faXBfQGr70gzRwr.42","action":"GetUpdates", "result":"DeleteReceived", "context":{"id":"d76e8fea-0343-4481-b35a-25733cd8d7ee", "isDeleted:":"true", "version":"1689941318995"}}
{"logTime": "1223/080645", "correlationVector":"byr4947faXBfQGr70gzRwr.43","action":"GetUpdates", "result":"DeleteReceived", "context":{"id":"b0d68aca-63a0-4a37-b63f-2c202cdd33a6", "isDeleted:":"true", "version":"1689941318996"}}
{"logTime": "1223/080645", "correlationVector":"byr4947faXBfQGr70gzRwr.44","action":"GetUpdates", "result":"DeleteReceived", "context":{"id":"77d4ffb1-51da-4dbe-b700-63e1340eb926", "isDeleted:":"true", "version":"1689941318997"}}
{"logTime": "1223/080645", "correlationVector":"byr4947faXBfQGr70gzRwr.45","action":"GetUpdates", "result":"DeleteReceived", "context":{"id":"80a73b95-e069-4085-b081-3f161802b5ed", "isDeleted:":"true", "version":"1689941318998"}}
{"logTime": "1223/080645", "correlationVector":"byr4947faXBfQGr70gzRwr.46","action":"GetUpdates", "result":"DeleteReceived", "context":{"id":"580e5453-62e5-4694-b7be-c1585093b901", "isDeleted:":"true", "version":"1689941318999"}}
{"logTime": "1223/080645", "correlationVector":"byr4947faXBfQGr70gzRwr.47","action":"GetUpdates", "result":"DeleteReceived", "context":{"id":"cd745a9c-8774-4649-ae79-148fd3348a5e", "isDeleted:":"true", "version":"1689941319000"}}
{"logTime": "1223/080645", "correlationVector":"byr4947faXBfQGr70gzRwr.48","action":"GetUpdates", "result":"DeleteReceived", "context":{"id":"6549cfa8-9aed-42f0-9f8f-d0b88ae6c55a", "isDeleted:":"true", "version":"1689941319001"}}
{"logTime": "1223/080645", "correlationVector":"byr4947faXBfQGr70gzRwr.49","action":"GetUpdates", "result":"DeleteReceived", "context":{"id":"a6791c92-cba5-45cf-b099-175246c4eec2", "isDeleted:":"true", "version":"1689941319002"}}
{"logTime": "1223/080645", "correlationVector":"byr4947faXBfQGr70gzRwr.50","action":"GetUpdates", "result":"DeleteReceived", "context":{"id":"0e1c6637-c216-4d56-a6ea-af6d4caebc17", "isDeleted:":"true", "version":"1689941319003"}}
{"logTime": "1223/080645", "correlationVector":"byr4947faXBfQGr70gzRwr.51","action":"GetUpdates", "result":"DeleteReceived", "context":{"id":"f3d0493a-b400-46e3-93ed-a42c139236cc", "isDeleted:":"true", "version":"1689941319004"}}
{"logTime": "1223/080645", "correlationVector":"byr4947faXBfQGr70gzRwr.52","action":"GetUpdates", "result":"DeleteReceived", "context":{"id":"302f9a9a-12d6-4397-809f-47346a55dc20", "isDeleted:":"true", "version":"1689941319005"}}
{"logTime": "1223/080645", "correlationVector":"byr4947faXBfQGr70gzRwr.53","action":"GetUpdates", "result":"DeleteReceived", "context":{"id":"9879dd9c-127a-48fe-9009-0d4414c691fe", "isDeleted:":"true", "version":"1689941319006"}}
{"logTime": "1223/080645", "correlationVector":"byr4947faXBfQGr70gzRwr.54","action":"GetUpdates", "result":"DeleteReceived", "context":{"id":"860e2805-5522-411a-a5d6-f790432a2486", "isDeleted:":"true", "version":"1689941319007"}}
{"logTime": "1223/080645", "correlationVector":"byr4947faXBfQGr70gzRwr.55","action":"GetUpdates", "result":"DeleteReceived", "context":{"id":"cf30b55f-9850-4c25-8292-3241a6ed5fb2", "isDeleted:":"true", "version":"1689941319008"}}
{"logTime": "1223/080645", "correlationVector":"byr4947faXBfQGr70gzRwr.56","action":"GetUpdates", "result":"DeleteReceived", "context":{"id":"1b5c50b4-2618-49d5-a87d-ddfa0b27b4aa", "isDeleted:":"true", "version":"1689941319009"}}
{"logTime": "1223/080645", "correlationVector":"byr4947faXBfQGr70gzRwr.57","action":"GetUpdates", "result":"DeleteReceived", "context":{"id":"dc44cc88-8f70-4451-9d0e-3701fde04ea7", "isDeleted:":"true", "version":"1689941319010"}}
{"logTime": "1223/080645", "correlationVector":"byr4947faXBfQGr70gzRwr.58","action":"GetUpdates", "result":"DeleteReceived", "context":{"id":"1a51b72e-a95f-42db-9043-bae0f286dc3c", "isDeleted:":"true", "version":"1689941319011"}}
{"logTime": "1223/080645", "correlationVector":"byr4947faXBfQGr70gzRwr.59","action":"GetUpdates", "result":"DeleteReceived", "context":{"id":"684852c3-a54b-406f-9f71-b9c49c643ff6", "isDeleted:":"true", "version":"1689941319012"}}
{"logTime": "1223/080645", "correlationVector":"byr4947faXBfQGr70gzRwr.60","action":"GetUpdates", "result":"DeleteReceived", "context":{"id":"9e579b14-80fe-4c3d-bd0e-55124d16cc3b", "isDeleted:":"true", "version":"1689941319013"}}
{"logTime": "1223/080645", "correlationVector":"byr4947faXBfQGr70gzRwr.61","action":"GetUpdates", "result":"DeleteReceived", "context":{"id":"5ea39e98-c513-454c-a950-454fe7565076", "isDeleted:":"true", "version":"1689941319014"}}
{"logTime": "1223/080645", "correlationVector":"byr4947faXBfQGr70gzRwr.62","action":"GetUpdates", "result":"DeleteReceived", "context":{"id":"92f77f4b-cb9c-40b6-b112-b64c143629ab", "isDeleted:":"true", "version":"1689941321016"}}
{"logTime": "1223/080645", "correlationVector":"byr4947faXBfQGr70gzRwr.63","action":"GetUpdates", "result":"DeleteReceived", "context":{"id":"9b5b8c52-5e3b-4f54-8f85-27fdb2f63b9d", "isDeleted:":"true", "version":"1689941321017"}}
{"logTime": "1223/080645", "correlationVector":"byr4947faXBfQGr70gzRwr.64","action":"GetUpdates", "result":"DeleteReceived", "context":{"id":"391f4ae3-8ed6-4298-867a-e84cd42bcb99", "isDeleted:":"true", "version":"1689941321018"}}
{"logTime": "1223/080645", "correlationVector":"byr4947faXBfQGr70gzRwr.65","action":"GetUpdates", "result":"DeleteReceived", "context":{"id":"38fb7187-3c2b-44d8-8b08-4860d6f966da", "isDeleted:":"true", "version":"1689941321019"}}
{"logTime": "1223/080645", "correlationVector":"byr4947faXBfQGr70gzRwr.66","action":"GetUpdates", "result":"DeleteReceived", "context":{"id":"cc7f02e6-33f6-4834-af5b-e4b96821da9c", "isDeleted:":"true", "version":"1689941321020"}}
{"logTime": "1223/080645", "correlationVector":"byr4947faXBfQGr70gzRwr.67","action":"GetUpdates", "result":"DeleteReceived", "context":{"id":"700a8374-7277-401a-bf85-df792607f43d", "isDeleted:":"true", "version":"1689941321021"}}
{"logTime": "1223/080645", "correlationVector":"byr4947faXBfQGr70gzRwr.68","action":"GetUpdates", "result":"DeleteReceived", "context":{"id":"0b97e225-9317-4f9a-908b-9c8d60fe9197", "isDeleted:":"true", "version":"1689941321022"}}
{"logTime": "1223/080645", "correlationVector":"byr4947faXBfQGr70gzRwr.69","action":"GetUpdates", "result":"DeleteReceived", "context":{"id":"38265994-b8ff-4f73-8a84-f6c8ecc0540d", "isDeleted:":"true", "version":"1689941321023"}}
{"logTime": "1223/080645", "correlationVector":"byr4947faXBfQGr70gzRwr.70","action":"GetUpdates", "result":"DeleteReceived", "context":{"id":"4af0d7ca-ceab-465b-b41d-377588c28840", "isDeleted:":"true", "version":"1689941321024"}}
{"logTime": "1223/080645", "correlationVector":"byr4947faXBfQGr70gzRwr.71","action":"GetUpdates", "result":"DeleteReceived", "context":{"id":"5b8fc9fe-f19b-4645-894b-511abea12270", "isDeleted:":"true", "version":"1689941321025"}}
{"logTime": "1223/080645", "correlationVector":"byr4947faXBfQGr70gzRwr.72","action":"GetUpdates", "result":"DeleteReceived", "context":{"id":"be89739a-761e-4f95-ac4f-8fc836f44205", "isDeleted:":"true", "version":"1689941321026"}}
{"logTime": "1223/080645", "correlationVector":"byr4947faXBfQGr70gzRwr.73","action":"GetUpdates", "result":"DeleteReceived", "context":{"id":"d11e2a71-3a71-43a2-a50f-1dea09f46775", "isDeleted:":"true", "version":"1689941321027"}}
{"logTime": "1223/080645", "correlationVector":"byr4947faXBfQGr70gzRwr.74","action":"GetUpdates", "result":"DeleteReceived", "context":{"id":"5d31e9d1-c4df-4b62-bfc1-00662dbdd873", "isDeleted:":"true", "version":"1689941321028"}}
{"logTime": "1223/080645", "correlationVector":"byr4947faXBfQGr70gzRwr.75","action":"GetUpdates", "result":"DeleteReceived", "context":{"id":"27fb6274-9dda-4fa7-a1e5-d033dc48c37d", "isDeleted:":"true", "version":"1689941321029"}}
{"logTime": "1223/080645", "correlationVector":"byr4947faXBfQGr70gzRwr.76","action":"GetUpdates", "result":"DeleteReceived", "context":{"id":"c86a3846-91d4-4274-b8f8-b76c31385858", "isDeleted:":"true", "version":"1689941321030"}}
{"logTime": "1223/080645", "correlationVector":"byr4947faXBfQGr70gzRwr.77","action":"GetUpdates", "result":"DeleteReceived", "context":{"id":"8d27d0ac-836a-4092-a0f0-1dce03daa331", "isDeleted:":"true", "version":"1689941321031"}}
{"logTime": "1223/080645", "correlationVector":"byr4947faXBfQGr70gzRwr.78","action":"GetUpdates", "result":"DeleteReceived", "context":{"id":"e59a6238-b20b-4d58-a490-0155f3d105d9", "isDeleted:":"true", "version":"1689941321032"}}
{"logTime": "1223/080645", "correlationVector":"byr4947faXBfQGr70gzRwr.79","action":"GetUpdates", "result":"DeleteReceived", "context":{"id":"3c164070-fc2d-4afa-a0f3-bc3d0ee9b096", "isDeleted:":"true", "version":"1689941321033"}}
{"logTime": "1223/080645", "correlationVector":"byr4947faXBfQGr70gzRwr.80","action":"GetUpdates", "result":"DeleteReceived", "context":{"id":"570de8d4-719b-44b1-884f-20ae720a7a83", "isDeleted:":"true", "version":"1689941321034"}}
{"logTime": "1223/080645", "correlationVector":"byr4947faXBfQGr70gzRwr.81","action":"GetUpdates", "result":"DeleteReceived", "context":{"id":"02576ac9-bbe9-4765-a810-a054d953f113", "isDeleted:":"true", "version":"1689941321035"}}
{"logTime": "1223/080645", "correlationVector":"byr4947faXBfQGr70gzRwr.82","action":"GetUpdates", "result":"DeleteReceived", "context":{"id":"f0130e3c-bd33-4206-9bd8-aedd32e65b4f", "isDeleted:":"true", "version":"1689941322189"}}
{"logTime": "1223/080645", "correlationVector":"byr4947faXBfQGr70gzRwr.83","action":"GetUpdates", "result":"DeleteReceived", "context":{"id":"20c1d817-6ad6-47b1-b5ea-71f81bbd1405", "isDeleted:":"true", "version":"1689941322190"}}
{"logTime": "1223/080645", "correlationVector":"byr4947faXBfQGr70gzRwr.84","action":"GetUpdates", "result":"DeleteReceived", "context":{"id":"abc8fa0a-70db-4745-b92a-7dc889b35a12", "isDeleted:":"true", "version":"1689941322191"}}
{"logTime": "1223/080645", "correlationVector":"byr4947faXBfQGr70gzRwr.85","action":"GetUpdates", "result":"DeleteReceived", "context":{"id":"e83a360b-4797-4c3a-a9d9-0cfeef78ecf5", "isDeleted:":"true", "version":"1689941322192"}}
{"logTime": "1223/080645", "correlationVector":"byr4947faXBfQGr70gzRwr.86","action":"GetUpdates Response", "result":"SYNCER_OK", "context":Received 182 update(s). cV=byr4947faXBfQGr70gzRwr.0;server=GENERAL03000008;cloudType=Consumer;environment=Prod_SoutheastAsia_000j;migrationStage=NotStarted}
{"logTime": "1223/080645", "correlationVector":"6NWpNTBSd951GwLW1GNL0O","action":"Normal GetUpdate request", "result":"", "context":cV=6NWpNTBSd951GwLW1GNL0O
Nudged types: Sessions
Refresh requested types: Bookmarks, Preferences, Passwords, Autofill Profiles, Autofill, Autofill Custom Data, Typed URLs, Extensions, Sessions, Extension settings, History Delete Directives, Device Info, User Consents, Send Tab To Self, Web Apps, Collection, Edge E Drop, Edge Hub App Usage, Edge Wallet, Encryption Keys}
{"logTime": "1223/080645", "correlationVector":"6NWpNTBSd951GwLW1GNL0O.1","action":"SyncServerConnectionManagerRequest", "result":"SYNC_SERVER_OK", "context":{"environment":"Prod_SoutheastAsia_000j", "migrationStage":"NotStarted", "server":"GENERAL0100000O"}}
{"logTime": "1223/080645", "correlationVector":"6NWpNTBSd951GwLW1GNL0O.2","action":"GetUpdates Response", "result":"SYNCER_OK", "context":Received 3 update(s). cV=6NWpNTBSd951GwLW1GNL0O.0;server=GENERAL0100000O;cloudType=Consumer;environment=Prod_SoutheastAsia_000j;migrationStage=NotStarted}
{"logTime": "1223/080645", "correlationVector":"qiYWB0liHnlP/6HwhShLru","action":"Commit Request", "result":"", "context":Item count: 3
Contributing types: Sessions}
{"logTime": "1223/080645", "correlationVector":"qiYWB0liHnlP/6HwhShLru.1","action":"SyncServerConnectionManagerRequest", "result":"SYNC_SERVER_OK", "context":{"environment":"Prod_SoutheastAsia_000j", "migrationStage":"NotStarted", "server":"GENERAL0100000A"}}
{"logTime": "1223/080645", "correlationVector":"qiYWB0liHnlP/6HwhShLru.2","action":"Commit Response", "result":"SYNCER_OK", "context":Result: SYNCER_OK. cV=qiYWB0liHnlP/6HwhShLru.0;server=GENERAL0100000A;cloudType=Consumer;environment=Prod_SoutheastAsia_000j;migrationStage=NotStarted}
{"logTime": "1223/080645", "correlationVector":"qiYWB0liHnlP/6HwhShLru.3","action":"Commit.Sessions", "result":"Success", "context":{"id":"49ff8d94-5ef3-4194-8cd0-c3265b446eaa", "isDeleted":"true", "size":"0", "version":"1703318384038"}}
{"logTime": "1223/080645", "correlationVector":"WODMzzEOBbgDBqqVXdGzHW","action":"Normal GetUpdate request", "result":"", "context":cV=WODMzzEOBbgDBqqVXdGzHW
Nudged types: Sessions}
{"logTime": "1223/080645", "correlationVector":"WODMzzEOBbgDBqqVXdGzHW.1","action":"SyncServerConnectionManagerRequest", "result":"SYNC_SERVER_OK", "context":{"environment":"Prod_SoutheastAsia_000j", "migrationStage":"NotStarted", "server":"GENERAL0300000J"}}
{"logTime": "1223/080645", "correlationVector":"WODMzzEOBbgDBqqVXdGzHW.2","action":"GetUpdates", "result":"DeleteReceived", "context":{"id":"49ff8d94-5ef3-4194-8cd0-c3265b446eaa", "isDeleted:":"true", "version":"1703318748912"}}
{"logTime": "1223/080645", "correlationVector":"WODMzzEOBbgDBqqVXdGzHW.3","action":"GetUpdates Response", "result":"SYNCER_OK", "context":Received 3 update(s). cV=WODMzzEOBbgDBqqVXdGzHW.0;server=GENERAL0300000J;cloudType=Consumer;environment=Prod_SoutheastAsia_000j;migrationStage=NotStarted}
